;  Assembly code generated by mikroVirtualMachine - V. 5.0.0.3
;  Date/Time: 22/11/2022 11:58:18 am
;  Info: http://www.mikroe.com


; ADDRESS	OPCODE	ASM
; ----------------------------------------------
$0000	$284F			GOTO	_main
$0004	$	_mask:
;p10.pbas,4 :: 		sub function mask(dim num as byte)as byte
;p10.pbas,6 :: 		case 0 result = $C0
$0004	$	p10_L_3:
$0004	$1303			BCF	STATUS, RP1
$0005	$1283			BCF	STATUS, RP0
$0006	$080D			MOVF	FARG_mask, 0
$0007	$3A00			XORLW	0
$0008	$1D03			BTFSS	STATUS, Z
$0009	$280D			GOTO	p10_L_4
$000A	$	p10_L_2:
$000A	$30C0			MOVLW	192
$000B	$008E			MOVWF	_mask_local_result
$000C	$284C			GOTO	p10_L_1
$000D	$	p10_L_4:
;p10.pbas,7 :: 		case 1 result = $F9
$000D	$	p10_L_6:
$000D	$080D			MOVF	FARG_mask, 0
$000E	$3A01			XORLW	1
$000F	$1D03			BTFSS	STATUS, Z
$0010	$2814			GOTO	p10_L_7
$0011	$	p10_L_5:
$0011	$30F9			MOVLW	249
$0012	$008E			MOVWF	_mask_local_result
$0013	$284C			GOTO	p10_L_1
$0014	$	p10_L_7:
;p10.pbas,8 :: 		case 2 result = $A4
$0014	$	p10_L_9:
$0014	$080D			MOVF	FARG_mask, 0
$0015	$3A02			XORLW	2
$0016	$1D03			BTFSS	STATUS, Z
$0017	$281B			GOTO	p10_L_10
$0018	$	p10_L_8:
$0018	$30A4			MOVLW	164
$0019	$008E			MOVWF	_mask_local_result
$001A	$284C			GOTO	p10_L_1
$001B	$	p10_L_10:
;p10.pbas,9 :: 		case 3 result = $B0
$001B	$	p10_L_12:
$001B	$080D			MOVF	FARG_mask, 0
$001C	$3A03			XORLW	3
$001D	$1D03			BTFSS	STATUS, Z
$001E	$2822			GOTO	p10_L_13
$001F	$	p10_L_11:
$001F	$30B0			MOVLW	176
$0020	$008E			MOVWF	_mask_local_result
$0021	$284C			GOTO	p10_L_1
$0022	$	p10_L_13:
;p10.pbas,10 :: 		case 4 result = $99
$0022	$	p10_L_15:
$0022	$080D			MOVF	FARG_mask, 0
$0023	$3A04			XORLW	4
$0024	$1D03			BTFSS	STATUS, Z
$0025	$2829			GOTO	p10_L_16
$0026	$	p10_L_14:
$0026	$3099			MOVLW	153
$0027	$008E			MOVWF	_mask_local_result
$0028	$284C			GOTO	p10_L_1
$0029	$	p10_L_16:
;p10.pbas,11 :: 		case 5 result = $92
$0029	$	p10_L_18:
$0029	$080D			MOVF	FARG_mask, 0
$002A	$3A05			XORLW	5
$002B	$1D03			BTFSS	STATUS, Z
$002C	$2830			GOTO	p10_L_19
$002D	$	p10_L_17:
$002D	$3092			MOVLW	146
$002E	$008E			MOVWF	_mask_local_result
$002F	$284C			GOTO	p10_L_1
$0030	$	p10_L_19:
;p10.pbas,12 :: 		case 6 result = $82
$0030	$	p10_L_21:
$0030	$080D			MOVF	FARG_mask, 0
$0031	$3A06			XORLW	6
$0032	$1D03			BTFSS	STATUS, Z
$0033	$2837			GOTO	p10_L_22
$0034	$	p10_L_20:
$0034	$3082			MOVLW	130
$0035	$008E			MOVWF	_mask_local_result
$0036	$284C			GOTO	p10_L_1
$0037	$	p10_L_22:
;p10.pbas,13 :: 		case 7 result = $F8
$0037	$	p10_L_24:
$0037	$080D			MOVF	FARG_mask, 0
$0038	$3A07			XORLW	7
$0039	$1D03			BTFSS	STATUS, Z
$003A	$283E			GOTO	p10_L_25
$003B	$	p10_L_23:
$003B	$30F8			MOVLW	248
$003C	$008E			MOVWF	_mask_local_result
$003D	$284C			GOTO	p10_L_1
$003E	$	p10_L_25:
;p10.pbas,14 :: 		case 8 result = $80
$003E	$	p10_L_27:
$003E	$080D			MOVF	FARG_mask, 0
$003F	$3A08			XORLW	8
$0040	$1D03			BTFSS	STATUS, Z
$0041	$2845			GOTO	p10_L_28
$0042	$	p10_L_26:
$0042	$3080			MOVLW	128
$0043	$008E			MOVWF	_mask_local_result
$0044	$284C			GOTO	p10_L_1
$0045	$	p10_L_28:
;p10.pbas,15 :: 		case 9 result = $90
$0045	$	p10_L_30:
$0045	$080D			MOVF	FARG_mask, 0
$0046	$3A09			XORLW	9
$0047	$1D03			BTFSS	STATUS, Z
$0048	$284C			GOTO	p10_L_31
$0049	$	p10_L_29:
$0049	$3090			MOVLW	144
$004A	$008E			MOVWF	_mask_local_result
$004B	$284C			GOTO	p10_L_1
$004C	$	p10_L_31:
$004C	$	p10_L_1:
;p10.pbas,16 :: 		end select
$004C	$	p10_L_0:
$004C	$080E			MOVF	_mask_local_result, 0
$004D	$00C0			MOVWF	STACK_0
$004E	$0008			RETURN
$004F	$	_main:
;p10.pbas,18 :: 		main:
$004F	$	_main_main:
;p10.pbas,19 :: 		trisb=0
$004F	$1303			BCF	STATUS, RP1
$0050	$1683			BSF	STATUS, RP0
$0051	$1303			BCF	STATUS, RP1
$0052	$1683			BSF	STATUS, RP0
$0053	$0186			CLRF	TRISB, 1
;p10.pbas,20 :: 		x=0
$0054	$018C			CLRF	_x, 1
;p10.pbas,21 :: 		do
$0055	$	p10_L_33:
;p10.pbas,22 :: 		portb=mask(x)
$0055	$1303			BCF	STATUS, RP1
$0056	$1683			BSF	STATUS, RP0
$0057	$080C			MOVF	_x, 0
$0058	$008D			MOVWF	FARG_mask
$0059	$2004			CALL	_mask
$005A	$0840			MOVF	STACK_0, 0
$005B	$0086			MOVWF	PORTB
;p10.pbas,23 :: 		delay_ms(100)
$005C	$3002			MOVLW	2
$005D	$00CC			MOVWF	STACK_12
$005E	$30FF			MOVLW	255
$005F	$00CB			MOVWF	STACK_11
$0060	$30FF			MOVLW	255
$0061	$00CA			MOVWF	STACK_10
$0062	$0BCC			DECFSZ	STACK_12, F
$0063	$2865			GOTO	$+2
$0064	$286C			GOTO	$+8
$0065	$0BCB			DECFSZ	STACK_11, F
$0066	$2868			GOTO	$+2
$0067	$286B			GOTO	$+4
$0068	$0BCA			DECFSZ	STACK_10, F
$0069	$2868			GOTO	$-1
$006A	$2865			GOTO	$-5
$006B	$2862			GOTO	$-9
$006C	$3006			MOVLW	6
$006D	$00CB			MOVWF	STACK_11
$006E	$30FF			MOVLW	255
$006F	$00CA			MOVWF	STACK_10
$0070	$0BCB			DECFSZ	STACK_11, F
$0071	$2873			GOTO	$+2
$0072	$2876			GOTO	$+4
$0073	$0BCA			DECFSZ	STACK_10, F
$0074	$2873			GOTO	$-1
$0075	$2870			GOTO	$-5
$0076	$300A			MOVLW	10
$0077	$00CA			MOVWF	STACK_10
$0078	$0BCA			DECFSZ	STACK_10, F
$0079	$2878			GOTO	$-1
$007A	$0000			NOP
;p10.pbas,24 :: 		x=x+1
$007B	$0A8C			INCF	_x, 1
;p10.pbas,25 :: 		loop until x = 10
$007C	$	p10_L_34:
$007C	$080C			MOVF	_x, 0
$007D	$3A0A			XORLW	10
$007E	$1D03			BTFSS	STATUS, Z
$007F	$2881			GOTO	p10_L_36
$0080	$	p10_L_37:
$0080	$2882			GOTO	p10_L_35
$0081	$	p10_L_36:
$0081	$2855			GOTO	p10_L_33
$0082	$	p10_L_35:
;p10.pbas,26 :: 		goto main
$0082	$284F			GOTO	_main_main
$0083	$2883			GOTO	$


//** Procedures locations **
//ADDRESS		PROCEDURE
//----------------------------------------------
$0004		mask
$004F		main


//** Labels locations **
//ADDRESS		LABEL
//----------------------------------------------
$0004		_mask:
$0004		p10_L_3:
$000A		p10_L_2:
$000D		p10_L_4:
$000D		p10_L_6:
$0011		p10_L_5:
$0014		p10_L_7:
$0014		p10_L_9:
$0018		p10_L_8:
$001B		p10_L_10:
$001B		p10_L_12:
$001F		p10_L_11:
$0022		p10_L_13:
$0022		p10_L_15:
$0026		p10_L_14:
$0029		p10_L_16:
$0029		p10_L_18:
$002D		p10_L_17:
$0030		p10_L_19:
$0030		p10_L_21:
$0034		p10_L_20:
$0037		p10_L_22:
$0037		p10_L_24:
$003B		p10_L_23:
$003E		p10_L_25:
$003E		p10_L_27:
$0042		p10_L_26:
$0045		p10_L_28:
$0045		p10_L_30:
$0049		p10_L_29:
$004C		p10_L_0:
$004C		p10_L_1:
$004C		p10_L_31:
$004F		_main:
$004F		_main_main:
$0055		p10_L_33:
$007C		p10_L_34:
$0080		p10_L_37:
$0081		p10_L_36:
$0082		p10_L_35:


//** Variables locations **
//ADDRESS		VARIABLE
//----------------------------------------------
$0000		INDF
$0002		PCL
$0003		STATUS
$0004		FSR
$0006		PORTB
$000A		PCLATH
$000C		_x
$000D		FARG_mask
$000E		_mask_local_result
$0040		STACK_0
$0041		STACK_1
$0042		STACK_2
$0043		STACK_3
$0044		STACK_4
$0045		STACK_5
$0046		STACK_6
$0047		STACK_7
$0048		STACK_8
$0049		STACK_9
$004A		STACK_10
$004B		STACK_11
$004C		STACK_12
$004D		STACK_13
$004E		STACK_14
$004F		STACK_15
$0086		TRISB


