;  Assembly code generated by mikroVirtualMachine - V. 5.0.0.3
;  Date/Time: 10/11/2022 1:20:24 pm
;  Info: http://www.mikroe.com


; ADDRESS	OPCODE	ASM
; ----------------------------------------------
$0000	$2804			GOTO	_main
$0004	$	_main:
;proj9.pbas,3 :: 		main:
$0004	$	_main_main:
;proj9.pbas,4 :: 		trisb=0
$0004	$1303			BCF	STATUS, RP1
$0005	$1683			BSF	STATUS, RP0
$0006	$1303			BCF	STATUS, RP1
$0007	$1683			BSF	STATUS, RP0
$0008	$0186			CLRF	TRISB, 1
;proj9.pbas,5 :: 		portb=0
$0009	$1283			BCF	STATUS, RP0
$000A	$0186			CLRF	PORTB, 1
;proj9.pbas,6 :: 		trisa=0
$000B	$1683			BSF	STATUS, RP0
$000C	$0185			CLRF	TRISA, 1
;proj9.pbas,7 :: 		porta=0
$000D	$1283			BCF	STATUS, RP0
$000E	$0185			CLRF	PORTA, 1
;proj9.pbas,9 :: 		main2:
$000F	$	_main_main2:
;proj9.pbas,10 :: 		if porta.0=1 then
$000F	$3001			MOVLW	1
$0010	$0505			ANDWF	PORTA, 0
$0011	$00C1			MOVWF	STACK_1
$0012	$0841			MOVF	STACK_1, 0
$0013	$3A01			XORLW	1
$0014	$1D03			BTFSS	STATUS, Z
$0015	$2817			GOTO	proj9_L_2
$0016	$	proj9_L_1:
;proj9.pbas,11 :: 		portb.1=2
$0016	$	proj9_L_4:
$0016	$1486			BSF	PORTB, 1
$0017	$	proj9_L_5:
$0017	$	proj9_L_2:
;proj9.pbas,12 :: 		end if
$0017	$	proj9_L_3:
;proj9.pbas,13 :: 		if porta.1=1 then
$0017	$3000			MOVLW	0
$0018	$1885			BTFSC	PORTA, 1
$0019	$3001			MOVLW	1
$001A	$00C1			MOVWF	STACK_1
$001B	$0841			MOVF	STACK_1, 0
$001C	$3A01			XORLW	1
$001D	$1D03			BTFSS	STATUS, Z
$001E	$2820			GOTO	proj9_L_7
$001F	$	proj9_L_6:
;proj9.pbas,14 :: 		portb.0=1
$001F	$	proj9_L_9:
$001F	$1406			BSF	PORTB, 0
$0020	$	proj9_L_10:
$0020	$	proj9_L_7:
;proj9.pbas,15 :: 		end if
$0020	$	proj9_L_8:
;proj9.pbas,16 :: 		goto main
$0020	$2804			GOTO	_main_main
$0021	$2821			GOTO	$


//** Procedures locations **
//ADDRESS		PROCEDURE
//----------------------------------------------
$0004		main


//** Labels locations **
//ADDRESS		LABEL
//----------------------------------------------
$0004		_main:
$0004		_main_main:
$000F		_main_main2:
$0016		proj9_L_1:
$0016		proj9_L_4:
$0017		proj9_L_2:
$0017		proj9_L_3:
$0017		proj9_L_5:
$001F		proj9_L_6:
$001F		proj9_L_9:
$0020		proj9_L_10:
$0020		proj9_L_7:
$0020		proj9_L_8:


//** Variables locations **
//ADDRESS		VARIABLE
//----------------------------------------------
$0000		INDF
$0002		PCL
$0003		STATUS
$0004		FSR
$0005		PORTA
$0006		PORTB
$000A		PCLATH
$0040		STACK_0
$0041		STACK_1
$0042		STACK_2
$0043		STACK_3
$0044		STACK_4
$0045		STACK_5
$0046		STACK_6
$0047		STACK_7
$0048		STACK_8
$0049		STACK_9
$004A		STACK_10
$004B		STACK_11
$004C		STACK_12
$004D		STACK_13
$004E		STACK_14
$004F		STACK_15
$0085		TRISA
$0086		TRISB


