;  Assembly code generated by mikroVirtualMachine - V. 5.0.0.3
;  Date/Time: 16/11/2022 8:44:15 am
;  Info: http://www.mikroe.com


; ADDRESS	OPCODE	ASM
; ----------------------------------------------
$0000	$2804			GOTO	_main
$0004	$	_main:
;proj6.pbas,3 :: 		main:
$0004	$	_main_main:
;proj6.pbas,4 :: 		trisb=0
$0004	$1303			BCF	STATUS, RP1
$0005	$1683			BSF	STATUS, RP0
$0006	$0186			CLRF	TRISB, 1
;proj6.pbas,5 :: 		portb=1
$0007	$3001			MOVLW	1
$0008	$1283			BCF	STATUS, RP0
$0009	$0086			MOVWF	PORTB
$000A	$	proj6_L_0:
$000A	$280A			GOTO	$


//** Procedures locations **
//ADDRESS		PROCEDURE
//----------------------------------------------
$0004		main


//** Labels locations **
//ADDRESS		LABEL
//----------------------------------------------
$0004		_main:
$0004		_main_main:
$000A		proj6_L_0:


//** Variables locations **
//ADDRESS		VARIABLE
//----------------------------------------------
$0000		INDF
$0002		PCL
$0003		STATUS
$0004		FSR
$0006		PORTB
$000A		PCLATH
$0040		STACK_0
$0041		STACK_1
$0042		STACK_2
$0043		STACK_3
$0044		STACK_4
$0045		STACK_5
$0046		STACK_6
$0047		STACK_7
$0048		STACK_8
$0049		STACK_9
$004A		STACK_10
$004B		STACK_11
$004C		STACK_12
$004D		STACK_13
$004E		STACK_14
$004F		STACK_15
$0086		TRISB


