;  Assembly code generated by mikroVirtualMachine - V. 5.0.0.3
;  Date/Time: 12/3/2022 8:46:14 PM
;  Info: http://www.mikroe.com


; ADDRESS	OPCODE	ASM
; ----------------------------------------------
$0000	$2804			GOTO	_main
$057B	$	_delay_1us:
;delays.pbas,9 :: 		sub procedure Delay_1us()
;delays.pbas,10 :: 		Delay_us(1)
$057B	$0000			NOP
$057C	$	delays_L_1:
$057C	$0008			RETURN
$0559	$	_delay_5500us:
;delays.pbas,33 :: 		sub procedure Delay_5500us()
;delays.pbas,34 :: 		Delay_us(5500)
$0559	$3008			MOVLW	8
$055A	$1303			BCF	STATUS, RP1
$055B	$1283			BCF	STATUS, RP0
$055C	$00FB			MOVWF	STACK_11
$055D	$30FF			MOVLW	255
$055E	$00FA			MOVWF	STACK_10
$055F	$0BFB			DECFSZ	STACK_11, F
$0560	$2D62			GOTO	$+2
$0561	$2D65			GOTO	$+4
$0562	$0BFA			DECFSZ	STACK_10, F
$0563	$2D62			GOTO	$-1
$0564	$2D5F			GOTO	$-5
$0565	$301E			MOVLW	30
$0566	$00FA			MOVWF	STACK_10
$0567	$0BFA			DECFSZ	STACK_10, F
$0568	$2D67			GOTO	$-1
$0569	$	delays_L_7:
$0569	$0008			RETURN
$0573	$	_delay_50us:
;delays.pbas,21 :: 		sub procedure Delay_50us()
;delays.pbas,22 :: 		Delay_us(50)
$0573	$3010			MOVLW	16
$0574	$1303			BCF	STATUS, RP1
$0575	$1283			BCF	STATUS, RP0
$0576	$00FA			MOVWF	STACK_10
$0577	$0BFA			DECFSZ	STACK_10, F
$0578	$2D77			GOTO	$-1
$0579	$0000			NOP
$057A	$	delays_L_4:
$057A	$0008			RETURN
$045E	$	_lcd_cmd:
;lcd.ppas,19 :: 		
;lcd.ppas,20 :: 		
$045E	$1303			BCF	STATUS, RP1
$045F	$1283			BCF	STATUS, RP0
$0460	$0820			MOVF	lcd_ctrlport_address, 0
$0461	$0084			MOVWF	FSR
;lcd.ppas,22 :: 		
$0462	$0921			COMF	lcd____menable, W
$0463	$00F0			MOVWF	STACK_0
$0464	$0870			MOVF	STACK_0, 0
$0465	$0580			ANDWF	INDF, 1
;lcd.ppas,23 :: 		
$0466	$0922			COMF	lcd____mrs, W
$0467	$00F0			MOVWF	STACK_0
$0468	$0870			MOVF	STACK_0, 0
$0469	$0580			ANDWF	INDF, 1
;lcd.ppas,25 :: 		
$046A	$0823			MOVF	lcd_dataport_address, 0
$046B	$0084			MOVWF	FSR
;lcd.ppas,26 :: 		
$046C	$0825			MOVF	lcd____mdb6, 0
$046D	$0424			IORWF	lcd____mdb7, 0
$046E	$00F0			MOVWF	STACK_0
$046F	$0826			MOVF	lcd____mdb5, 0
$0470	$04F0			IORWF	STACK_0, 1
$0471	$0827			MOVF	lcd____mdb4, 0
$0472	$04F0			IORWF	STACK_0, 1
$0473	$09F0			COMF	STACK_0, F
$0474	$0870			MOVF	STACK_0, 0
$0475	$0580			ANDWF	INDF, 1
;lcd.ppas,28 :: 		
$0476	$3000			MOVLW	0
$0477	$1BBD			BTFSC	FARG_Lcd_Cmd, 7
$0478	$3001			MOVLW	1
$0479	$00F1			MOVWF	STACK_1
$047A	$0871			MOVF	STACK_1, 0
$047B	$3A01			XORLW	1
$047C	$1D03			BTFSS	STATUS, Z
$047D	$2C80			GOTO	lcd_L_2
$047E	$	lcd_L_1:
;lcd.ppas,29 :: 		
$047E	$0824			MOVF	lcd____mdb7, 0
$047F	$0480			IORWF	INDF, 1
$0480	$	lcd_L_2:
$0480	$	lcd_L_3:
;lcd.ppas,30 :: 		
$0480	$3000			MOVLW	0
$0481	$1B3D			BTFSC	FARG_Lcd_Cmd, 6
$0482	$3001			MOVLW	1
$0483	$00F1			MOVWF	STACK_1
$0484	$0871			MOVF	STACK_1, 0
$0485	$3A01			XORLW	1
$0486	$1D03			BTFSS	STATUS, Z
$0487	$2C8A			GOTO	lcd_L_5
$0488	$	lcd_L_4:
;lcd.ppas,31 :: 		
$0488	$0825			MOVF	lcd____mdb6, 0
$0489	$0480			IORWF	INDF, 1
$048A	$	lcd_L_5:
$048A	$	lcd_L_6:
;lcd.ppas,32 :: 		
$048A	$3000			MOVLW	0
$048B	$1ABD			BTFSC	FARG_Lcd_Cmd, 5
$048C	$3001			MOVLW	1
$048D	$00F1			MOVWF	STACK_1
$048E	$0871			MOVF	STACK_1, 0
$048F	$3A01			XORLW	1
$0490	$1D03			BTFSS	STATUS, Z
$0491	$2C94			GOTO	lcd_L_8
$0492	$	lcd_L_7:
;lcd.ppas,33 :: 		
$0492	$0826			MOVF	lcd____mdb5, 0
$0493	$0480			IORWF	INDF, 1
$0494	$	lcd_L_8:
$0494	$	lcd_L_9:
;lcd.ppas,34 :: 		
$0494	$3000			MOVLW	0
$0495	$1A3D			BTFSC	FARG_Lcd_Cmd, 4
$0496	$3001			MOVLW	1
$0497	$00F1			MOVWF	STACK_1
$0498	$0871			MOVF	STACK_1, 0
$0499	$3A01			XORLW	1
$049A	$1D03			BTFSS	STATUS, Z
$049B	$2C9E			GOTO	lcd_L_11
$049C	$	lcd_L_10:
;lcd.ppas,35 :: 		
$049C	$0827			MOVF	lcd____mdb4, 0
$049D	$0480			IORWF	INDF, 1
$049E	$	lcd_L_11:
$049E	$	lcd_L_12:
;lcd.ppas,37 :: 		
$049E	$0820			MOVF	lcd_ctrlport_address, 0
$049F	$0084			MOVWF	FSR
;lcd.ppas,38 :: 		
$04A0	$0828			MOVF	lcd_lcdcmd_status, 0
$04A1	$3A01			XORLW	1
$04A2	$1D03			BTFSS	STATUS, Z
$04A3	$2CA9			GOTO	lcd_L_14
$04A4	$	lcd_L_13:
;lcd.ppas,39 :: 		
$04A4	$0922			COMF	lcd____mrs, W
$04A5	$00F0			MOVWF	STACK_0
$04A6	$0870			MOVF	STACK_0, 0
$04A7	$0580			ANDWF	INDF, 1
$04A8	$2CAB			GOTO	lcd_L_15
;lcd.ppas,40 :: 		
$04A9	$	lcd_L_14:
;lcd.ppas,41 :: 		
$04A9	$0822			MOVF	lcd____mrs, 0
$04AA	$0480			IORWF	INDF, 1
$04AB	$	lcd_L_15:
;lcd.ppas,43 :: 		
$04AB	$0821			MOVF	lcd____menable, 0
$04AC	$0480			IORWF	INDF, 1
;lcd.ppas,44 :: 		
$04AD	$257B			CALL	_delay_1us
;lcd.ppas,45 :: 		
$04AE	$0921			COMF	lcd____menable, W
$04AF	$00F0			MOVWF	STACK_0
$04B0	$0870			MOVF	STACK_0, 0
$04B1	$0580			ANDWF	INDF, 1
;lcd.ppas,47 :: 		
$04B2	$0922			COMF	lcd____mrs, W
$04B3	$00F0			MOVWF	STACK_0
$04B4	$0870			MOVF	STACK_0, 0
$04B5	$0580			ANDWF	INDF, 1
;lcd.ppas,49 :: 		
$04B6	$0823			MOVF	lcd_dataport_address, 0
$04B7	$0084			MOVWF	FSR
;lcd.ppas,50 :: 		
$04B8	$0825			MOVF	lcd____mdb6, 0
$04B9	$0424			IORWF	lcd____mdb7, 0
$04BA	$00F0			MOVWF	STACK_0
$04BB	$0826			MOVF	lcd____mdb5, 0
$04BC	$04F0			IORWF	STACK_0, 1
$04BD	$0827			MOVF	lcd____mdb4, 0
$04BE	$04F0			IORWF	STACK_0, 1
$04BF	$09F0			COMF	STACK_0, F
$04C0	$0870			MOVF	STACK_0, 0
$04C1	$0580			ANDWF	INDF, 1
;lcd.ppas,52 :: 		
$04C2	$3000			MOVLW	0
$04C3	$19BD			BTFSC	FARG_Lcd_Cmd, 3
$04C4	$3001			MOVLW	1
$04C5	$00F1			MOVWF	STACK_1
$04C6	$0871			MOVF	STACK_1, 0
$04C7	$3A01			XORLW	1
$04C8	$1D03			BTFSS	STATUS, Z
$04C9	$2CCC			GOTO	lcd_L_17
$04CA	$	lcd_L_16:
;lcd.ppas,53 :: 		
$04CA	$0824			MOVF	lcd____mdb7, 0
$04CB	$0480			IORWF	INDF, 1
$04CC	$	lcd_L_17:
$04CC	$	lcd_L_18:
;lcd.ppas,54 :: 		
$04CC	$3000			MOVLW	0
$04CD	$193D			BTFSC	FARG_Lcd_Cmd, 2
$04CE	$3001			MOVLW	1
$04CF	$00F1			MOVWF	STACK_1
$04D0	$0871			MOVF	STACK_1, 0
$04D1	$3A01			XORLW	1
$04D2	$1D03			BTFSS	STATUS, Z
$04D3	$2CD6			GOTO	lcd_L_20
$04D4	$	lcd_L_19:
;lcd.ppas,55 :: 		
$04D4	$0825			MOVF	lcd____mdb6, 0
$04D5	$0480			IORWF	INDF, 1
$04D6	$	lcd_L_20:
$04D6	$	lcd_L_21:
;lcd.ppas,56 :: 		
$04D6	$3000			MOVLW	0
$04D7	$18BD			BTFSC	FARG_Lcd_Cmd, 1
$04D8	$3001			MOVLW	1
$04D9	$00F1			MOVWF	STACK_1
$04DA	$0871			MOVF	STACK_1, 0
$04DB	$3A01			XORLW	1
$04DC	$1D03			BTFSS	STATUS, Z
$04DD	$2CE0			GOTO	lcd_L_23
$04DE	$	lcd_L_22:
;lcd.ppas,57 :: 		
$04DE	$0826			MOVF	lcd____mdb5, 0
$04DF	$0480			IORWF	INDF, 1
$04E0	$	lcd_L_23:
$04E0	$	lcd_L_24:
;lcd.ppas,58 :: 		
$04E0	$3001			MOVLW	1
$04E1	$053D			ANDWF	FARG_Lcd_Cmd, 0
$04E2	$00F1			MOVWF	STACK_1
$04E3	$0871			MOVF	STACK_1, 0
$04E4	$3A01			XORLW	1
$04E5	$1D03			BTFSS	STATUS, Z
$04E6	$2CE9			GOTO	lcd_L_26
$04E7	$	lcd_L_25:
;lcd.ppas,59 :: 		
$04E7	$0827			MOVF	lcd____mdb4, 0
$04E8	$0480			IORWF	INDF, 1
$04E9	$	lcd_L_26:
$04E9	$	lcd_L_27:
;lcd.ppas,61 :: 		
$04E9	$0820			MOVF	lcd_ctrlport_address, 0
$04EA	$0084			MOVWF	FSR
;lcd.ppas,62 :: 		
$04EB	$0828			MOVF	lcd_lcdcmd_status, 0
$04EC	$3A01			XORLW	1
$04ED	$1D03			BTFSS	STATUS, Z
$04EE	$2CF4			GOTO	lcd_L_29
$04EF	$	lcd_L_28:
;lcd.ppas,63 :: 		
$04EF	$0922			COMF	lcd____mrs, W
$04F0	$00F0			MOVWF	STACK_0
$04F1	$0870			MOVF	STACK_0, 0
$04F2	$0580			ANDWF	INDF, 1
$04F3	$2CF6			GOTO	lcd_L_30
;lcd.ppas,64 :: 		
$04F4	$	lcd_L_29:
;lcd.ppas,65 :: 		
$04F4	$0822			MOVF	lcd____mrs, 0
$04F5	$0480			IORWF	INDF, 1
$04F6	$	lcd_L_30:
;lcd.ppas,67 :: 		
$04F6	$0821			MOVF	lcd____menable, 0
$04F7	$0480			IORWF	INDF, 1
;lcd.ppas,68 :: 		
$04F8	$257B			CALL	_delay_1us
;lcd.ppas,69 :: 		
$04F9	$0921			COMF	lcd____menable, W
$04FA	$00F0			MOVWF	STACK_0
$04FB	$0870			MOVF	STACK_0, 0
$04FC	$0580			ANDWF	INDF, 1
;lcd.ppas,71 :: 		
$04FD	$0828			MOVF	lcd_lcdcmd_status, 0
$04FE	$3A01			XORLW	1
$04FF	$1D03			BTFSS	STATUS, Z
$0500	$2D03			GOTO	lcd_L_32
$0501	$	lcd_L_31:
;lcd.ppas,72 :: 		
$0501	$2559			CALL	_delay_5500us
$0502	$2D04			GOTO	lcd_L_33
;lcd.ppas,73 :: 		
$0503	$	lcd_L_32:
;lcd.ppas,74 :: 		
$0503	$2573			CALL	_delay_50us
$0504	$	lcd_L_33:
$0504	$	lcd_L_0:
;lcd.ppas,75 :: 		
$0504	$0008			RETURN
$033F	$	_lcd_config:
;lcd.ppas,115 :: 		
;lcd.ppas,116 :: 		
$033F	$2559			CALL	_delay_5500us
;lcd.ppas,117 :: 		
$0340	$2559			CALL	_delay_5500us
;lcd.ppas,118 :: 		
$0341	$2559			CALL	_delay_5500us
;lcd.ppas,120 :: 		
$0342	$0835			MOVF	FARG_Lcd_Config+1, 0
$0343	$00F0			MOVWF	STACK_0
$0344	$3001			MOVLW	1
$0345	$00F4			MOVWF	STACK_4
$0346	$0870			MOVF	STACK_0, 0
$0347	$	L_Lcd_Config_0:
$0347	$1903			BTFSC	STATUS, Z
$0348	$2B4D			GOTO	L_Lcd_Config_1
$0349	$0DF4			RLF	STACK_4, 1
$034A	$1074			BCF	STACK_4, 0
$034B	$3FFF			ADDLW	255
$034C	$2B47			GOTO	L_Lcd_Config_0
$034D	$	L_Lcd_Config_1:
$034D	$0874			MOVF	STACK_4, 0
$034E	$00A4			MOVWF	lcd____mdb7
;lcd.ppas,121 :: 		
$034F	$0836			MOVF	FARG_Lcd_Config+2, 0
$0350	$00F0			MOVWF	STACK_0
$0351	$3001			MOVLW	1
$0352	$00F3			MOVWF	STACK_3
$0353	$0870			MOVF	STACK_0, 0
$0354	$	L_Lcd_Config_2:
$0354	$1903			BTFSC	STATUS, Z
$0355	$2B5A			GOTO	L_Lcd_Config_3
$0356	$0DF3			RLF	STACK_3, 1
$0357	$1073			BCF	STACK_3, 0
$0358	$3FFF			ADDLW	255
$0359	$2B54			GOTO	L_Lcd_Config_2
$035A	$	L_Lcd_Config_3:
$035A	$0873			MOVF	STACK_3, 0
$035B	$00A5			MOVWF	lcd____mdb6
;lcd.ppas,122 :: 		
$035C	$0837			MOVF	FARG_Lcd_Config+3, 0
$035D	$00F0			MOVWF	STACK_0
$035E	$3001			MOVLW	1
$035F	$00F2			MOVWF	STACK_2
$0360	$0870			MOVF	STACK_0, 0
$0361	$	L_Lcd_Config_4:
$0361	$1903			BTFSC	STATUS, Z
$0362	$2B67			GOTO	L_Lcd_Config_5
$0363	$0DF2			RLF	STACK_2, 1
$0364	$1072			BCF	STACK_2, 0
$0365	$3FFF			ADDLW	255
$0366	$2B61			GOTO	L_Lcd_Config_4
$0367	$	L_Lcd_Config_5:
$0367	$0872			MOVF	STACK_2, 0
$0368	$00A6			MOVWF	lcd____mdb5
;lcd.ppas,123 :: 		
$0369	$0838			MOVF	FARG_Lcd_Config+4, 0
$036A	$00F0			MOVWF	STACK_0
$036B	$3001			MOVLW	1
$036C	$00F1			MOVWF	STACK_1
$036D	$0870			MOVF	STACK_0, 0
$036E	$	L_Lcd_Config_6:
$036E	$1903			BTFSC	STATUS, Z
$036F	$2B74			GOTO	L_Lcd_Config_7
$0370	$0DF1			RLF	STACK_1, 1
$0371	$1071			BCF	STACK_1, 0
$0372	$3FFF			ADDLW	255
$0373	$2B6E			GOTO	L_Lcd_Config_6
$0374	$	L_Lcd_Config_7:
$0374	$0871			MOVF	STACK_1, 0
$0375	$00A7			MOVWF	lcd____mdb4
;lcd.ppas,124 :: 		
$0376	$083A			MOVF	FARG_Lcd_Config+6, 0
$0377	$00F0			MOVWF	STACK_0
$0378	$3001			MOVLW	1
$0379	$00A2			MOVWF	lcd____mrs
$037A	$0870			MOVF	STACK_0, 0
$037B	$	L_Lcd_Config_8:
$037B	$1903			BTFSC	STATUS, Z
$037C	$2B81			GOTO	L_Lcd_Config_9
$037D	$0DA2			RLF	lcd____mrs, 1
$037E	$1022			BCF	lcd____mrs, 0
$037F	$3FFF			ADDLW	255
$0380	$2B7B			GOTO	L_Lcd_Config_8
$0381	$	L_Lcd_Config_9:
;lcd.ppas,125 :: 		
$0381	$083B			MOVF	FARG_Lcd_Config+7, 0
$0382	$00F0			MOVWF	STACK_0
$0383	$3001			MOVLW	1
$0384	$00A9			MOVWF	lcd____mrw
$0385	$0870			MOVF	STACK_0, 0
$0386	$	L_Lcd_Config_10:
$0386	$1903			BTFSC	STATUS, Z
$0387	$2B8C			GOTO	L_Lcd_Config_11
$0388	$0DA9			RLF	lcd____mrw, 1
$0389	$1029			BCF	lcd____mrw, 0
$038A	$3FFF			ADDLW	255
$038B	$2B86			GOTO	L_Lcd_Config_10
$038C	$	L_Lcd_Config_11:
;lcd.ppas,126 :: 		
$038C	$083C			MOVF	FARG_Lcd_Config+8, 0
$038D	$00F0			MOVWF	STACK_0
$038E	$3001			MOVLW	1
$038F	$00A1			MOVWF	lcd____menable
$0390	$0870			MOVF	STACK_0, 0
$0391	$	L_Lcd_Config_12:
$0391	$1903			BTFSC	STATUS, Z
$0392	$2B97			GOTO	L_Lcd_Config_13
$0393	$0DA1			RLF	lcd____menable, 1
$0394	$1021			BCF	lcd____menable, 0
$0395	$3FFF			ADDLW	255
$0396	$2B91			GOTO	L_Lcd_Config_12
$0397	$	L_Lcd_Config_13:
;lcd.ppas,128 :: 		
$0397	$0834			MOVF	FARG_Lcd_Config, 0
$0398	$00A3			MOVWF	lcd_dataport_address
;lcd.ppas,129 :: 		
$0399	$0839			MOVF	FARG_Lcd_Config+5, 0
$039A	$00A0			MOVWF	lcd_ctrlport_address
;lcd.ppas,131 :: 		
$039B	$0834			MOVF	FARG_Lcd_Config, 0
$039C	$0084			MOVWF	FSR
;lcd.ppas,133 :: 		
$039D	$0873			MOVF	STACK_3, 0
$039E	$0474			IORWF	STACK_4, 0
$039F	$00F0			MOVWF	STACK_0
$03A0	$0872			MOVF	STACK_2, 0
$03A1	$04F0			IORWF	STACK_0, 1
$03A2	$0871			MOVF	STACK_1, 0
$03A3	$04F0			IORWF	STACK_0, 1
$03A4	$09F0			COMF	STACK_0, F
$03A5	$0870			MOVF	STACK_0, 0
$03A6	$0580			ANDWF	INDF, 1
;lcd.ppas,134 :: 		
$03A7	$	lcd_L_56:
$03A7	$1784			BSF	FSR, 7
$03A8	$	lcd_L_57:
;lcd.ppas,135 :: 		
$03A8	$0825			MOVF	lcd____mdb6, 0
$03A9	$0424			IORWF	lcd____mdb7, 0
$03AA	$00F0			MOVWF	STACK_0
$03AB	$0826			MOVF	lcd____mdb5, 0
$03AC	$04F0			IORWF	STACK_0, 1
$03AD	$0827			MOVF	lcd____mdb4, 0
$03AE	$04F0			IORWF	STACK_0, 1
$03AF	$09F0			COMF	STACK_0, F
$03B0	$0870			MOVF	STACK_0, 0
$03B1	$0580			ANDWF	INDF, 1
;lcd.ppas,136 :: 		
$03B2	$1384			BCF	FSR, 7
$03B3	$	lcd_L_59:
;lcd.ppas,139 :: 		
$03B3	$0820			MOVF	lcd_ctrlport_address, 0
$03B4	$0084			MOVWF	FSR
;lcd.ppas,141 :: 		
$03B5	$0829			MOVF	lcd____mrw, 0
$03B6	$0422			IORWF	lcd____mrs, 0
$03B7	$00F0			MOVWF	STACK_0
$03B8	$0821			MOVF	lcd____menable, 0
$03B9	$04F0			IORWF	STACK_0, 1
$03BA	$09F0			COMF	STACK_0, F
$03BB	$0870			MOVF	STACK_0, 0
$03BC	$0580			ANDWF	INDF, 1
;lcd.ppas,142 :: 		
$03BD	$	lcd_L_60:
$03BD	$1784			BSF	FSR, 7
$03BE	$	lcd_L_61:
;lcd.ppas,143 :: 		
$03BE	$0829			MOVF	lcd____mrw, 0
$03BF	$0422			IORWF	lcd____mrs, 0
$03C0	$00F0			MOVWF	STACK_0
$03C1	$0821			MOVF	lcd____menable, 0
$03C2	$04F0			IORWF	STACK_0, 1
$03C3	$09F0			COMF	STACK_0, F
$03C4	$0870			MOVF	STACK_0, 0
$03C5	$0580			ANDWF	INDF, 1
;lcd.ppas,144 :: 		
$03C6	$1384			BCF	FSR, 7
$03C7	$	lcd_L_63:
;lcd.ppas,148 :: 		
$03C7	$0823			MOVF	lcd_dataport_address, 0
$03C8	$0084			MOVWF	FSR
;lcd.ppas,149 :: 		
$03C9	$0826			MOVF	lcd____mdb5, 0
$03CA	$0400			IORWF	INDF, 0
$03CB	$00F0			MOVWF	STACK_0
$03CC	$0827			MOVF	lcd____mdb4, 0
$03CD	$0470			IORWF	STACK_0, 0
$03CE	$0080			MOVWF	INDF
;lcd.ppas,151 :: 		
$03CF	$0820			MOVF	lcd_ctrlport_address, 0
$03D0	$0084			MOVWF	FSR
;lcd.ppas,152 :: 		
$03D1	$0821			MOVF	lcd____menable, 0
$03D2	$0480			IORWF	INDF, 1
;lcd.ppas,153 :: 		
$03D3	$0921			COMF	lcd____menable, W
$03D4	$00F0			MOVWF	STACK_0
$03D5	$0870			MOVF	STACK_0, 0
$03D6	$0580			ANDWF	INDF, 1
;lcd.ppas,155 :: 		
$03D7	$2559			CALL	_delay_5500us
;lcd.ppas,160 :: 		
$03D8	$0821			MOVF	lcd____menable, 0
$03D9	$0480			IORWF	INDF, 1
;lcd.ppas,161 :: 		
$03DA	$0921			COMF	lcd____menable, W
$03DB	$00F0			MOVWF	STACK_0
$03DC	$0870			MOVF	STACK_0, 0
$03DD	$0580			ANDWF	INDF, 1
;lcd.ppas,163 :: 		
$03DE	$2559			CALL	_delay_5500us
;lcd.ppas,168 :: 		
$03DF	$0821			MOVF	lcd____menable, 0
$03E0	$0480			IORWF	INDF, 1
;lcd.ppas,169 :: 		
$03E1	$0921			COMF	lcd____menable, W
$03E2	$00F0			MOVWF	STACK_0
$03E3	$0870			MOVF	STACK_0, 0
$03E4	$0580			ANDWF	INDF, 1
;lcd.ppas,171 :: 		
$03E5	$2559			CALL	_delay_5500us
;lcd.ppas,174 :: 		
$03E6	$0823			MOVF	lcd_dataport_address, 0
$03E7	$0084			MOVWF	FSR
;lcd.ppas,175 :: 		
$03E8	$0826			MOVF	lcd____mdb5, 0
$03E9	$0480			IORWF	INDF, 1
;lcd.ppas,176 :: 		
$03EA	$0927			COMF	lcd____mdb4, W
$03EB	$00F0			MOVWF	STACK_0
$03EC	$0870			MOVF	STACK_0, 0
$03ED	$0580			ANDWF	INDF, 1
;lcd.ppas,178 :: 		
$03EE	$0820			MOVF	lcd_ctrlport_address, 0
$03EF	$0084			MOVWF	FSR
;lcd.ppas,179 :: 		
$03F0	$0821			MOVF	lcd____menable, 0
$03F1	$0480			IORWF	INDF, 1
;lcd.ppas,180 :: 		
$03F2	$0921			COMF	lcd____menable, W
$03F3	$00F0			MOVWF	STACK_0
$03F4	$0870			MOVF	STACK_0, 0
$03F5	$0580			ANDWF	INDF, 1
;lcd.ppas,182 :: 		
$03F6	$2559			CALL	_delay_5500us
;lcd.ppas,187 :: 		
$03F7	$0821			MOVF	lcd____menable, 0
$03F8	$0480			IORWF	INDF, 1
;lcd.ppas,188 :: 		
$03F9	$0921			COMF	lcd____menable, W
$03FA	$00F1			MOVWF	STACK_1
$03FB	$0871			MOVF	STACK_1, 0
$03FC	$0580			ANDWF	INDF, 1
;lcd.ppas,190 :: 		
$03FD	$0823			MOVF	lcd_dataport_address, 0
$03FE	$0084			MOVWF	FSR
;lcd.ppas,191 :: 		
$03FF	$0926			COMF	lcd____mdb5, W
$0400	$00F0			MOVWF	STACK_0
$0401	$0870			MOVF	STACK_0, 0
$0402	$0580			ANDWF	INDF, 1
;lcd.ppas,192 :: 		
$0403	$0824			MOVF	lcd____mdb7, 0
$0404	$0480			IORWF	INDF, 1
;lcd.ppas,194 :: 		
$0405	$0820			MOVF	lcd_ctrlport_address, 0
$0406	$0084			MOVWF	FSR
;lcd.ppas,195 :: 		
$0407	$0821			MOVF	lcd____menable, 0
$0408	$0480			IORWF	INDF, 1
;lcd.ppas,196 :: 		
$0409	$0871			MOVF	STACK_1, 0
$040A	$0580			ANDWF	INDF, 1
;lcd.ppas,198 :: 		
$040B	$2559			CALL	_delay_5500us
;lcd.ppas,201 :: 		
$040C	$0823			MOVF	lcd_dataport_address, 0
$040D	$0084			MOVWF	FSR
;lcd.ppas,202 :: 		
$040E	$0924			COMF	lcd____mdb7, W
$040F	$00F0			MOVWF	STACK_0
$0410	$0870			MOVF	STACK_0, 0
$0411	$0580			ANDWF	INDF, 1
;lcd.ppas,203 :: 		
$0412	$0827			MOVF	lcd____mdb4, 0
$0413	$0480			IORWF	INDF, 1
;lcd.ppas,204 :: 		
$0414	$0820			MOVF	lcd_ctrlport_address, 0
$0415	$0084			MOVWF	FSR
;lcd.ppas,205 :: 		
$0416	$0821			MOVF	lcd____menable, 0
$0417	$0480			IORWF	INDF, 1
;lcd.ppas,206 :: 		
$0418	$0921			COMF	lcd____menable, W
$0419	$00F1			MOVWF	STACK_1
$041A	$0871			MOVF	STACK_1, 0
$041B	$0580			ANDWF	INDF, 1
;lcd.ppas,207 :: 		
$041C	$0823			MOVF	lcd_dataport_address, 0
$041D	$0084			MOVWF	FSR
;lcd.ppas,208 :: 		
$041E	$0927			COMF	lcd____mdb4, W
$041F	$00F0			MOVWF	STACK_0
$0420	$0870			MOVF	STACK_0, 0
$0421	$0580			ANDWF	INDF, 1
;lcd.ppas,209 :: 		
$0422	$0820			MOVF	lcd_ctrlport_address, 0
$0423	$0084			MOVWF	FSR
;lcd.ppas,210 :: 		
$0424	$0821			MOVF	lcd____menable, 0
$0425	$0480			IORWF	INDF, 1
;lcd.ppas,211 :: 		
$0426	$0871			MOVF	STACK_1, 0
$0427	$0580			ANDWF	INDF, 1
;lcd.ppas,213 :: 		
$0428	$2559			CALL	_delay_5500us
;lcd.ppas,218 :: 		
$0429	$0821			MOVF	lcd____menable, 0
$042A	$0480			IORWF	INDF, 1
;lcd.ppas,219 :: 		
$042B	$0921			COMF	lcd____menable, W
$042C	$00F0			MOVWF	STACK_0
$042D	$0870			MOVF	STACK_0, 0
$042E	$0580			ANDWF	INDF, 1
;lcd.ppas,220 :: 		
$042F	$0823			MOVF	lcd_dataport_address, 0
$0430	$0084			MOVWF	FSR
;lcd.ppas,221 :: 		
$0431	$0827			MOVF	lcd____mdb4, 0
$0432	$0480			IORWF	INDF, 1
;lcd.ppas,222 :: 		
$0433	$0820			MOVF	lcd_ctrlport_address, 0
$0434	$0084			MOVWF	FSR
;lcd.ppas,223 :: 		
$0435	$0821			MOVF	lcd____menable, 0
$0436	$0480			IORWF	INDF, 1
;lcd.ppas,224 :: 		
$0437	$0870			MOVF	STACK_0, 0
$0438	$0580			ANDWF	INDF, 1
;lcd.ppas,226 :: 		
$0439	$2559			CALL	_delay_5500us
;lcd.ppas,229 :: 		
$043A	$0823			MOVF	lcd_dataport_address, 0
$043B	$0084			MOVWF	FSR
;lcd.ppas,230 :: 		
$043C	$0927			COMF	lcd____mdb4, W
$043D	$00F0			MOVWF	STACK_0
$043E	$0870			MOVF	STACK_0, 0
$043F	$0580			ANDWF	INDF, 1
;lcd.ppas,231 :: 		
$0440	$0820			MOVF	lcd_ctrlport_address, 0
$0441	$0084			MOVWF	FSR
;lcd.ppas,232 :: 		
$0442	$0821			MOVF	lcd____menable, 0
$0443	$0480			IORWF	INDF, 1
;lcd.ppas,233 :: 		
$0444	$0921			COMF	lcd____menable, W
$0445	$00F1			MOVWF	STACK_1
$0446	$0871			MOVF	STACK_1, 0
$0447	$0580			ANDWF	INDF, 1
;lcd.ppas,234 :: 		
$0448	$0823			MOVF	lcd_dataport_address, 0
$0449	$0084			MOVWF	FSR
;lcd.ppas,235 :: 		
$044A	$0827			MOVF	lcd____mdb4, 0
$044B	$0400			IORWF	INDF, 0
$044C	$00F0			MOVWF	STACK_0
$044D	$0826			MOVF	lcd____mdb5, 0
$044E	$04F0			IORWF	STACK_0, 1
$044F	$0825			MOVF	lcd____mdb6, 0
$0450	$04F0			IORWF	STACK_0, 1
$0451	$0824			MOVF	lcd____mdb7, 0
$0452	$0470			IORWF	STACK_0, 0
$0453	$0080			MOVWF	INDF
;lcd.ppas,236 :: 		
$0454	$0820			MOVF	lcd_ctrlport_address, 0
$0455	$0084			MOVWF	FSR
;lcd.ppas,237 :: 		
$0456	$0821			MOVF	lcd____menable, 0
$0457	$0480			IORWF	INDF, 1
;lcd.ppas,238 :: 		
$0458	$0871			MOVF	STACK_1, 0
$0459	$0580			ANDWF	INDF, 1
;lcd.ppas,240 :: 		
$045A	$2559			CALL	_delay_5500us
;lcd.ppas,242 :: 		
$045B	$3001			MOVLW	1
$045C	$00A8			MOVWF	lcd_lcdcmd_status
$045D	$	lcd_L_55:
;lcd.ppas,243 :: 		
$045D	$0008			RETURN
$056A	$	_lcd_chr_cp:
;lcd.ppas,97 :: 		
;lcd.ppas,98 :: 		
$056A	$1303			BCF	STATUS, RP1
$056B	$1283			BCF	STATUS, RP0
$056C	$01A8			CLRF	lcd_lcdcmd_status, 1
;lcd.ppas,99 :: 		
$056D	$0834			MOVF	FARG_Lcd_Chr_CP, 0
$056E	$00BD			MOVWF	FARG_Lcd_Cmd
$056F	$245E			CALL	_lcd_cmd
;lcd.ppas,100 :: 		
$0570	$3001			MOVLW	1
$0571	$00A8			MOVWF	lcd_lcdcmd_status
$0572	$	lcd_L_48:
;lcd.ppas,101 :: 		
$0572	$0008			RETURN
$0544	$	_lcd_init:
;lcd.ppas,246 :: 		
;lcd.ppas,247 :: 		
$0544	$1303			BCF	STATUS, RP1
$0545	$1283			BCF	STATUS, RP0
$0546	$0830			MOVF	FARG_Lcd_Init, 0
$0547	$00B4			MOVWF	FARG_Lcd_Config
$0548	$3007			MOVLW	7
$0549	$00B5			MOVWF	FARG_Lcd_Config+1
$054A	$3006			MOVLW	6
$054B	$00B6			MOVWF	FARG_Lcd_Config+2
$054C	$3005			MOVLW	5
$054D	$00B7			MOVWF	FARG_Lcd_Config+3
$054E	$3004			MOVLW	4
$054F	$00B8			MOVWF	FARG_Lcd_Config+4
$0550	$0830			MOVF	FARG_Lcd_Init, 0
$0551	$00B9			MOVWF	FARG_Lcd_Config+5
$0552	$3002			MOVLW	2
$0553	$00BA			MOVWF	FARG_Lcd_Config+6
$0554	$01BB			CLRF	FARG_Lcd_Config+7, 1
$0555	$3003			MOVLW	3
$0556	$00BC			MOVWF	FARG_Lcd_Config+8
$0557	$233F			CALL	_lcd_config
$0558	$	lcd_L_64:
;lcd.ppas,248 :: 		
$0558	$0008			RETURN
$0505	$	_lcd_out:
;lcd.ppas,252 :: 		
;lcd.ppas,254 :: 		
$0505	$	lcd_L_68:
$0505	$1303			BCF	STATUS, RP1
$0506	$1283			BCF	STATUS, RP0
$0507	$0830			MOVF	FARG_Lcd_Out, 0
$0508	$3A01			XORLW	1
$0509	$1D03			BTFSS	STATUS, Z
$050A	$2D0E			GOTO	lcd_L_69
$050B	$	lcd_L_67:
$050B	$3080			MOVLW	128
$050C	$00B0			MOVWF	FARG_Lcd_Out
$050D	$2D25			GOTO	lcd_L_66
$050E	$	lcd_L_69:
;lcd.ppas,255 :: 		
$050E	$	lcd_L_71:
$050E	$0830			MOVF	FARG_Lcd_Out, 0
$050F	$3A02			XORLW	2
$0510	$1D03			BTFSS	STATUS, Z
$0511	$2D15			GOTO	lcd_L_72
$0512	$	lcd_L_70:
$0512	$30C0			MOVLW	192
$0513	$00B0			MOVWF	FARG_Lcd_Out
$0514	$2D25			GOTO	lcd_L_66
$0515	$	lcd_L_72:
;lcd.ppas,256 :: 		
$0515	$	lcd_L_74:
$0515	$0830			MOVF	FARG_Lcd_Out, 0
$0516	$3A03			XORLW	3
$0517	$1D03			BTFSS	STATUS, Z
$0518	$2D1C			GOTO	lcd_L_75
$0519	$	lcd_L_73:
$0519	$3094			MOVLW	148
$051A	$00B0			MOVWF	FARG_Lcd_Out
$051B	$2D25			GOTO	lcd_L_66
$051C	$	lcd_L_75:
;lcd.ppas,257 :: 		
$051C	$	lcd_L_77:
$051C	$0830			MOVF	FARG_Lcd_Out, 0
$051D	$3A04			XORLW	4
$051E	$1D03			BTFSS	STATUS, Z
$051F	$2D23			GOTO	lcd_L_78
$0520	$	lcd_L_76:
$0520	$30D4			MOVLW	212
$0521	$00B0			MOVWF	FARG_Lcd_Out
;lcd.ppas,258 :: 		
$0522	$2D25			GOTO	lcd_L_66
$0523	$	lcd_L_78:
$0523	$3080			MOVLW	128
$0524	$00B0			MOVWF	FARG_Lcd_Out
$0525	$	lcd_L_66:
;lcd.ppas,260 :: 		
$0525	$0331			DECF	FARG_Lcd_Out+1, 0
$0526	$00F0			MOVWF	STACK_0
$0527	$0830			MOVF	FARG_Lcd_Out, 0
$0528	$07F0			ADDWF	STACK_0, 1
$0529	$0870			MOVF	STACK_0, 0
$052A	$00B0			MOVWF	FARG_Lcd_Out
;lcd.ppas,261 :: 		
$052B	$0870			MOVF	STACK_0, 0
$052C	$00BD			MOVWF	FARG_Lcd_Cmd
$052D	$245E			CALL	_lcd_cmd
;lcd.ppas,262 :: 		
$052E	$01A8			CLRF	lcd_lcdcmd_status, 1
;lcd.ppas,263 :: 		
$052F	$01B3			CLRF	_lcd_out_local_i, 1
;lcd.ppas,264 :: 		
$0530	$	lcd_L_80:
$0530	$0833			MOVF	_lcd_out_local_i, 0
$0531	$0732			ADDWF	FARG_Lcd_Out+2, 0
$0532	$0084			MOVWF	FSR
$0533	$0800			MOVF	INDF, 0
$0534	$00F2			MOVWF	STACK_2
$0535	$0872			MOVF	STACK_2, 0
$0536	$3A00			XORLW	0
$0537	$1903			BTFSC	STATUS, Z
$0538	$2D41			GOTO	lcd_L_81
;lcd.ppas,266 :: 		
$0539	$0833			MOVF	_lcd_out_local_i, 0
$053A	$0732			ADDWF	FARG_Lcd_Out+2, 0
$053B	$0084			MOVWF	FSR
$053C	$0800			MOVF	INDF, 0
$053D	$00B4			MOVWF	FARG_Lcd_Chr_CP
$053E	$256A			CALL	_lcd_chr_cp
;lcd.ppas,267 :: 		
$053F	$0AB3			INCF	_lcd_out_local_i, 1
;lcd.ppas,268 :: 		
$0540	$2D30			GOTO	lcd_L_80
$0541	$	lcd_L_81:
;lcd.ppas,269 :: 		
$0541	$3001			MOVLW	1
$0542	$00A8			MOVWF	lcd_lcdcmd_status
$0543	$	lcd_L_65:
;lcd.ppas,270 :: 		
$0543	$0008			RETURN
$0004	$	_main:
;finals.pbas,5 :: 		main:
$0004	$	_main_main:
;finals.pbas,6 :: 		LCD_INIT(PORTB)
$0004	$3006			MOVLW	PORTB
$0005	$1303			BCF	STATUS, RP1
$0006	$1283			BCF	STATUS, RP0
$0007	$00B0			MOVWF	FARG_Lcd_Init
$0008	$2544			CALL	_lcd_init
;finals.pbas,7 :: 		LCD_CMD(LCD_CURSOR_OFF)
$0009	$300C			MOVLW	12
$000A	$00BD			MOVWF	FARG_Lcd_Cmd
$000B	$245E			CALL	_lcd_cmd
;finals.pbas,8 :: 		LCD_CMD(LCD_CLEAR)
$000C	$3001			MOVLW	1
$000D	$00BD			MOVWF	FARG_Lcd_Cmd
$000E	$245E			CALL	_lcd_cmd
;finals.pbas,9 :: 		LCD_OUT(1,16, "SCC")
$000F	$3001			MOVLW	1
$0010	$00B0			MOVWF	FARG_Lcd_Out
$0011	$3010			MOVLW	16
$0012	$00B1			MOVWF	FARG_Lcd_Out+1
$0013	$3053			MOVLW	83
$0014	$00AC			MOVWF	?main_Local_Text+0
$0015	$3043			MOVLW	67
$0016	$00AD			MOVWF	?main_Local_Text+1
$0017	$3043			MOVLW	67
$0018	$00AE			MOVWF	?main_Local_Text+2
$0019	$01AF			CLRF	?main_Local_Text+3
$001A	$302C			MOVLW	?main_Local_Text
$001B	$00B2			MOVWF	FARG_Lcd_Out+2
$001C	$2505			CALL	_lcd_out
;finals.pbas,10 :: 		x=1
$001D	$3001			MOVLW	1
$001E	$00AA			MOVWF	_x
;finals.pbas,11 :: 		y=16
$001F	$3010			MOVLW	16
$0020	$00AB			MOVWF	_y
;finals.pbas,12 :: 		do
$0021	$	finals_L_1:
;finals.pbas,13 :: 		LCD_CMD(LCD_SHIFT_RIGHT)
$0021	$301C			MOVLW	28
$0022	$00BD			MOVWF	FARG_Lcd_Cmd
$0023	$245E			CALL	_lcd_cmd
;finals.pbas,14 :: 		DELAY_MS(500)
$0024	$3003			MOVLW	3
$0025	$00FC			MOVWF	STACK_12
$0026	$30FF			MOVLW	255
$0027	$00FB			MOVWF	STACK_11
$0028	$30FF			MOVLW	255
$0029	$00FA			MOVWF	STACK_10
$002A	$0BFC			DECFSZ	STACK_12, F
$002B	$282D			GOTO	$+2
$002C	$2834			GOTO	$+8
$002D	$0BFB			DECFSZ	STACK_11, F
$002E	$2830			GOTO	$+2
$002F	$2833			GOTO	$+4
$0030	$0BFA			DECFSZ	STACK_10, F
$0031	$2830			GOTO	$-1
$0032	$282D			GOTO	$-5
$0033	$282A			GOTO	$-9
$0034	$308C			MOVLW	140
$0035	$00FB			MOVWF	STACK_11
$0036	$30FF			MOVLW	255
$0037	$00FA			MOVWF	STACK_10
$0038	$0BFB			DECFSZ	STACK_11, F
$0039	$283B			GOTO	$+2
$003A	$283E			GOTO	$+4
$003B	$0BFA			DECFSZ	STACK_10, F
$003C	$283B			GOTO	$-1
$003D	$2838			GOTO	$-5
$003E	$30A1			MOVLW	161
$003F	$00FA			MOVWF	STACK_10
$0040	$0BFA			DECFSZ	STACK_10, F
$0041	$2840			GOTO	$-1
$0042	$0000			NOP
;finals.pbas,15 :: 		y=y-1
$0043	$03AB			DECF	_y, 1
;finals.pbas,16 :: 		loop until y=9
$0044	$	finals_L_2:
$0044	$082B			MOVF	_y, 0
$0045	$3A09			XORLW	9
$0046	$1D03			BTFSS	STATUS, Z
$0047	$2849			GOTO	finals_L_4
$0048	$	finals_L_5:
$0048	$284A			GOTO	finals_L_3
$0049	$	finals_L_4:
$0049	$2821			GOTO	finals_L_1
$004A	$	finals_L_3:
;finals.pbas,17 :: 		LCD_CMD(LCD_CLEAR)
$004A	$3001			MOVLW	1
$004B	$00BD			MOVWF	FARG_Lcd_Cmd
$004C	$245E			CALL	_lcd_cmd
;finals.pbas,18 :: 		delay_ms(500)
$004D	$3003			MOVLW	3
$004E	$00FC			MOVWF	STACK_12
$004F	$30FF			MOVLW	255
$0050	$00FB			MOVWF	STACK_11
$0051	$30FF			MOVLW	255
$0052	$00FA			MOVWF	STACK_10
$0053	$0BFC			DECFSZ	STACK_12, F
$0054	$2856			GOTO	$+2
$0055	$285D			GOTO	$+8
$0056	$0BFB			DECFSZ	STACK_11, F
$0057	$2859			GOTO	$+2
$0058	$285C			GOTO	$+4
$0059	$0BFA			DECFSZ	STACK_10, F
$005A	$2859			GOTO	$-1
$005B	$2856			GOTO	$-5
$005C	$2853			GOTO	$-9
$005D	$308C			MOVLW	140
$005E	$00FB			MOVWF	STACK_11
$005F	$30FF			MOVLW	255
$0060	$00FA			MOVWF	STACK_10
$0061	$0BFB			DECFSZ	STACK_11, F
$0062	$2864			GOTO	$+2
$0063	$2867			GOTO	$+4
$0064	$0BFA			DECFSZ	STACK_10, F
$0065	$2864			GOTO	$-1
$0066	$2861			GOTO	$-5
$0067	$30A1			MOVLW	161
$0068	$00FA			MOVWF	STACK_10
$0069	$0BFA			DECFSZ	STACK_10, F
$006A	$2869			GOTO	$-1
$006B	$0000			NOP
;finals.pbas,19 :: 		LCD_OUT(1,1, "SCC")
$006C	$3001			MOVLW	1
$006D	$00B0			MOVWF	FARG_Lcd_Out
$006E	$3001			MOVLW	1
$006F	$00B1			MOVWF	FARG_Lcd_Out+1
$0070	$3053			MOVLW	83
$0071	$00AC			MOVWF	?main_Local_Text+0
$0072	$3043			MOVLW	67
$0073	$00AD			MOVWF	?main_Local_Text+1
$0074	$3043			MOVLW	67
$0075	$00AE			MOVWF	?main_Local_Text+2
$0076	$01AF			CLRF	?main_Local_Text+3
$0077	$302C			MOVLW	?main_Local_Text
$0078	$00B2			MOVWF	FARG_Lcd_Out+2
$0079	$2505			CALL	_lcd_out
;finals.pbas,20 :: 		delay_ms(500)
$007A	$3003			MOVLW	3
$007B	$00FC			MOVWF	STACK_12
$007C	$30FF			MOVLW	255
$007D	$00FB			MOVWF	STACK_11
$007E	$30FF			MOVLW	255
$007F	$00FA			MOVWF	STACK_10
$0080	$0BFC			DECFSZ	STACK_12, F
$0081	$2883			GOTO	$+2
$0082	$288A			GOTO	$+8
$0083	$0BFB			DECFSZ	STACK_11, F
$0084	$2886			GOTO	$+2
$0085	$2889			GOTO	$+4
$0086	$0BFA			DECFSZ	STACK_10, F
$0087	$2886			GOTO	$-1
$0088	$2883			GOTO	$-5
$0089	$2880			GOTO	$-9
$008A	$308C			MOVLW	140
$008B	$00FB			MOVWF	STACK_11
$008C	$30FF			MOVLW	255
$008D	$00FA			MOVWF	STACK_10
$008E	$0BFB			DECFSZ	STACK_11, F
$008F	$2891			GOTO	$+2
$0090	$2894			GOTO	$+4
$0091	$0BFA			DECFSZ	STACK_10, F
$0092	$2891			GOTO	$-1
$0093	$288E			GOTO	$-5
$0094	$30A1			MOVLW	161
$0095	$00FA			MOVWF	STACK_10
$0096	$0BFA			DECFSZ	STACK_10, F
$0097	$2896			GOTO	$-1
$0098	$0000			NOP
;finals.pbas,21 :: 		LCD_CMD(LCD_CLEAR)
$0099	$3001			MOVLW	1
$009A	$00BD			MOVWF	FARG_Lcd_Cmd
$009B	$245E			CALL	_lcd_cmd
;finals.pbas,22 :: 		LCD_OUT(1,2, "SCC")
$009C	$3001			MOVLW	1
$009D	$00B0			MOVWF	FARG_Lcd_Out
$009E	$3002			MOVLW	2
$009F	$00B1			MOVWF	FARG_Lcd_Out+1
$00A0	$3053			MOVLW	83
$00A1	$00AC			MOVWF	?main_Local_Text+0
$00A2	$3043			MOVLW	67
$00A3	$00AD			MOVWF	?main_Local_Text+1
$00A4	$3043			MOVLW	67
$00A5	$00AE			MOVWF	?main_Local_Text+2
$00A6	$01AF			CLRF	?main_Local_Text+3
$00A7	$302C			MOVLW	?main_Local_Text
$00A8	$00B2			MOVWF	FARG_Lcd_Out+2
$00A9	$2505			CALL	_lcd_out
;finals.pbas,23 :: 		DELAY_MS(500)
$00AA	$3003			MOVLW	3
$00AB	$00FC			MOVWF	STACK_12
$00AC	$30FF			MOVLW	255
$00AD	$00FB			MOVWF	STACK_11
$00AE	$30FF			MOVLW	255
$00AF	$00FA			MOVWF	STACK_10
$00B0	$0BFC			DECFSZ	STACK_12, F
$00B1	$28B3			GOTO	$+2
$00B2	$28BA			GOTO	$+8
$00B3	$0BFB			DECFSZ	STACK_11, F
$00B4	$28B6			GOTO	$+2
$00B5	$28B9			GOTO	$+4
$00B6	$0BFA			DECFSZ	STACK_10, F
$00B7	$28B6			GOTO	$-1
$00B8	$28B3			GOTO	$-5
$00B9	$28B0			GOTO	$-9
$00BA	$308C			MOVLW	140
$00BB	$00FB			MOVWF	STACK_11
$00BC	$30FF			MOVLW	255
$00BD	$00FA			MOVWF	STACK_10
$00BE	$0BFB			DECFSZ	STACK_11, F
$00BF	$28C1			GOTO	$+2
$00C0	$28C4			GOTO	$+4
$00C1	$0BFA			DECFSZ	STACK_10, F
$00C2	$28C1			GOTO	$-1
$00C3	$28BE			GOTO	$-5
$00C4	$30A1			MOVLW	161
$00C5	$00FA			MOVWF	STACK_10
$00C6	$0BFA			DECFSZ	STACK_10, F
$00C7	$28C6			GOTO	$-1
$00C8	$0000			NOP
;finals.pbas,24 :: 		LCD_CMD(LCD_CLEAR)
$00C9	$3001			MOVLW	1
$00CA	$00BD			MOVWF	FARG_Lcd_Cmd
$00CB	$245E			CALL	_lcd_cmd
;finals.pbas,25 :: 		LCD_OUT(1,3, "SCC")
$00CC	$3001			MOVLW	1
$00CD	$00B0			MOVWF	FARG_Lcd_Out
$00CE	$3003			MOVLW	3
$00CF	$00B1			MOVWF	FARG_Lcd_Out+1
$00D0	$3053			MOVLW	83
$00D1	$00AC			MOVWF	?main_Local_Text+0
$00D2	$3043			MOVLW	67
$00D3	$00AD			MOVWF	?main_Local_Text+1
$00D4	$3043			MOVLW	67
$00D5	$00AE			MOVWF	?main_Local_Text+2
$00D6	$01AF			CLRF	?main_Local_Text+3
$00D7	$302C			MOVLW	?main_Local_Text
$00D8	$00B2			MOVWF	FARG_Lcd_Out+2
$00D9	$2505			CALL	_lcd_out
;finals.pbas,26 :: 		DELAY_MS(500)
$00DA	$3003			MOVLW	3
$00DB	$00FC			MOVWF	STACK_12
$00DC	$30FF			MOVLW	255
$00DD	$00FB			MOVWF	STACK_11
$00DE	$30FF			MOVLW	255
$00DF	$00FA			MOVWF	STACK_10
$00E0	$0BFC			DECFSZ	STACK_12, F
$00E1	$28E3			GOTO	$+2
$00E2	$28EA			GOTO	$+8
$00E3	$0BFB			DECFSZ	STACK_11, F
$00E4	$28E6			GOTO	$+2
$00E5	$28E9			GOTO	$+4
$00E6	$0BFA			DECFSZ	STACK_10, F
$00E7	$28E6			GOTO	$-1
$00E8	$28E3			GOTO	$-5
$00E9	$28E0			GOTO	$-9
$00EA	$308C			MOVLW	140
$00EB	$00FB			MOVWF	STACK_11
$00EC	$30FF			MOVLW	255
$00ED	$00FA			MOVWF	STACK_10
$00EE	$0BFB			DECFSZ	STACK_11, F
$00EF	$28F1			GOTO	$+2
$00F0	$28F4			GOTO	$+4
$00F1	$0BFA			DECFSZ	STACK_10, F
$00F2	$28F1			GOTO	$-1
$00F3	$28EE			GOTO	$-5
$00F4	$30A1			MOVLW	161
$00F5	$00FA			MOVWF	STACK_10
$00F6	$0BFA			DECFSZ	STACK_10, F
$00F7	$28F6			GOTO	$-1
$00F8	$0000			NOP
;finals.pbas,27 :: 		LCD_CMD(LCD_CLEAR)
$00F9	$3001			MOVLW	1
$00FA	$00BD			MOVWF	FARG_Lcd_Cmd
$00FB	$245E			CALL	_lcd_cmd
;finals.pbas,28 :: 		LCD_OUT(1,4, "SCC")
$00FC	$3001			MOVLW	1
$00FD	$00B0			MOVWF	FARG_Lcd_Out
$00FE	$3004			MOVLW	4
$00FF	$00B1			MOVWF	FARG_Lcd_Out+1
$0100	$3053			MOVLW	83
$0101	$00AC			MOVWF	?main_Local_Text+0
$0102	$3043			MOVLW	67
$0103	$00AD			MOVWF	?main_Local_Text+1
$0104	$3043			MOVLW	67
$0105	$00AE			MOVWF	?main_Local_Text+2
$0106	$01AF			CLRF	?main_Local_Text+3
$0107	$302C			MOVLW	?main_Local_Text
$0108	$00B2			MOVWF	FARG_Lcd_Out+2
$0109	$2505			CALL	_lcd_out
;finals.pbas,29 :: 		DELAY_MS(500)
$010A	$3003			MOVLW	3
$010B	$00FC			MOVWF	STACK_12
$010C	$30FF			MOVLW	255
$010D	$00FB			MOVWF	STACK_11
$010E	$30FF			MOVLW	255
$010F	$00FA			MOVWF	STACK_10
$0110	$0BFC			DECFSZ	STACK_12, F
$0111	$2913			GOTO	$+2
$0112	$291A			GOTO	$+8
$0113	$0BFB			DECFSZ	STACK_11, F
$0114	$2916			GOTO	$+2
$0115	$2919			GOTO	$+4
$0116	$0BFA			DECFSZ	STACK_10, F
$0117	$2916			GOTO	$-1
$0118	$2913			GOTO	$-5
$0119	$2910			GOTO	$-9
$011A	$308C			MOVLW	140
$011B	$00FB			MOVWF	STACK_11
$011C	$30FF			MOVLW	255
$011D	$00FA			MOVWF	STACK_10
$011E	$0BFB			DECFSZ	STACK_11, F
$011F	$2921			GOTO	$+2
$0120	$2924			GOTO	$+4
$0121	$0BFA			DECFSZ	STACK_10, F
$0122	$2921			GOTO	$-1
$0123	$291E			GOTO	$-5
$0124	$30A1			MOVLW	161
$0125	$00FA			MOVWF	STACK_10
$0126	$0BFA			DECFSZ	STACK_10, F
$0127	$2926			GOTO	$-1
$0128	$0000			NOP
;finals.pbas,30 :: 		LCD_CMD(LCD_CLEAR)
$0129	$3001			MOVLW	1
$012A	$00BD			MOVWF	FARG_Lcd_Cmd
$012B	$245E			CALL	_lcd_cmd
;finals.pbas,31 :: 		LCD_OUT(1,5, "SCC")
$012C	$3001			MOVLW	1
$012D	$00B0			MOVWF	FARG_Lcd_Out
$012E	$3005			MOVLW	5
$012F	$00B1			MOVWF	FARG_Lcd_Out+1
$0130	$3053			MOVLW	83
$0131	$00AC			MOVWF	?main_Local_Text+0
$0132	$3043			MOVLW	67
$0133	$00AD			MOVWF	?main_Local_Text+1
$0134	$3043			MOVLW	67
$0135	$00AE			MOVWF	?main_Local_Text+2
$0136	$01AF			CLRF	?main_Local_Text+3
$0137	$302C			MOVLW	?main_Local_Text
$0138	$00B2			MOVWF	FARG_Lcd_Out+2
$0139	$2505			CALL	_lcd_out
;finals.pbas,32 :: 		DELAY_MS(500)
$013A	$3003			MOVLW	3
$013B	$00FC			MOVWF	STACK_12
$013C	$30FF			MOVLW	255
$013D	$00FB			MOVWF	STACK_11
$013E	$30FF			MOVLW	255
$013F	$00FA			MOVWF	STACK_10
$0140	$0BFC			DECFSZ	STACK_12, F
$0141	$2943			GOTO	$+2
$0142	$294A			GOTO	$+8
$0143	$0BFB			DECFSZ	STACK_11, F
$0144	$2946			GOTO	$+2
$0145	$2949			GOTO	$+4
$0146	$0BFA			DECFSZ	STACK_10, F
$0147	$2946			GOTO	$-1
$0148	$2943			GOTO	$-5
$0149	$2940			GOTO	$-9
$014A	$308C			MOVLW	140
$014B	$00FB			MOVWF	STACK_11
$014C	$30FF			MOVLW	255
$014D	$00FA			MOVWF	STACK_10
$014E	$0BFB			DECFSZ	STACK_11, F
$014F	$2951			GOTO	$+2
$0150	$2954			GOTO	$+4
$0151	$0BFA			DECFSZ	STACK_10, F
$0152	$2951			GOTO	$-1
$0153	$294E			GOTO	$-5
$0154	$30A1			MOVLW	161
$0155	$00FA			MOVWF	STACK_10
$0156	$0BFA			DECFSZ	STACK_10, F
$0157	$2956			GOTO	$-1
$0158	$0000			NOP
;finals.pbas,33 :: 		LCD_CMD(LCD_CLEAR)
$0159	$3001			MOVLW	1
$015A	$00BD			MOVWF	FARG_Lcd_Cmd
$015B	$245E			CALL	_lcd_cmd
;finals.pbas,34 :: 		LCD_OUT(1,6, "SCC")
$015C	$3001			MOVLW	1
$015D	$00B0			MOVWF	FARG_Lcd_Out
$015E	$3006			MOVLW	6
$015F	$00B1			MOVWF	FARG_Lcd_Out+1
$0160	$3053			MOVLW	83
$0161	$00AC			MOVWF	?main_Local_Text+0
$0162	$3043			MOVLW	67
$0163	$00AD			MOVWF	?main_Local_Text+1
$0164	$3043			MOVLW	67
$0165	$00AE			MOVWF	?main_Local_Text+2
$0166	$01AF			CLRF	?main_Local_Text+3
$0167	$302C			MOVLW	?main_Local_Text
$0168	$00B2			MOVWF	FARG_Lcd_Out+2
$0169	$2505			CALL	_lcd_out
;finals.pbas,35 :: 		DELAY_MS(500)
$016A	$3003			MOVLW	3
$016B	$00FC			MOVWF	STACK_12
$016C	$30FF			MOVLW	255
$016D	$00FB			MOVWF	STACK_11
$016E	$30FF			MOVLW	255
$016F	$00FA			MOVWF	STACK_10
$0170	$0BFC			DECFSZ	STACK_12, F
$0171	$2973			GOTO	$+2
$0172	$297A			GOTO	$+8
$0173	$0BFB			DECFSZ	STACK_11, F
$0174	$2976			GOTO	$+2
$0175	$2979			GOTO	$+4
$0176	$0BFA			DECFSZ	STACK_10, F
$0177	$2976			GOTO	$-1
$0178	$2973			GOTO	$-5
$0179	$2970			GOTO	$-9
$017A	$308C			MOVLW	140
$017B	$00FB			MOVWF	STACK_11
$017C	$30FF			MOVLW	255
$017D	$00FA			MOVWF	STACK_10
$017E	$0BFB			DECFSZ	STACK_11, F
$017F	$2981			GOTO	$+2
$0180	$2984			GOTO	$+4
$0181	$0BFA			DECFSZ	STACK_10, F
$0182	$2981			GOTO	$-1
$0183	$297E			GOTO	$-5
$0184	$30A1			MOVLW	161
$0185	$00FA			MOVWF	STACK_10
$0186	$0BFA			DECFSZ	STACK_10, F
$0187	$2986			GOTO	$-1
$0188	$0000			NOP
;finals.pbas,36 :: 		LCD_CMD(LCD_CLEAR)
$0189	$3001			MOVLW	1
$018A	$00BD			MOVWF	FARG_Lcd_Cmd
$018B	$245E			CALL	_lcd_cmd
;finals.pbas,37 :: 		LCD_OUT(1,7, "SCC")
$018C	$3001			MOVLW	1
$018D	$00B0			MOVWF	FARG_Lcd_Out
$018E	$3007			MOVLW	7
$018F	$00B1			MOVWF	FARG_Lcd_Out+1
$0190	$3053			MOVLW	83
$0191	$00AC			MOVWF	?main_Local_Text+0
$0192	$3043			MOVLW	67
$0193	$00AD			MOVWF	?main_Local_Text+1
$0194	$3043			MOVLW	67
$0195	$00AE			MOVWF	?main_Local_Text+2
$0196	$01AF			CLRF	?main_Local_Text+3
$0197	$302C			MOVLW	?main_Local_Text
$0198	$00B2			MOVWF	FARG_Lcd_Out+2
$0199	$2505			CALL	_lcd_out
;finals.pbas,38 :: 		DELAY_MS(500)
$019A	$3003			MOVLW	3
$019B	$00FC			MOVWF	STACK_12
$019C	$30FF			MOVLW	255
$019D	$00FB			MOVWF	STACK_11
$019E	$30FF			MOVLW	255
$019F	$00FA			MOVWF	STACK_10
$01A0	$0BFC			DECFSZ	STACK_12, F
$01A1	$29A3			GOTO	$+2
$01A2	$29AA			GOTO	$+8
$01A3	$0BFB			DECFSZ	STACK_11, F
$01A4	$29A6			GOTO	$+2
$01A5	$29A9			GOTO	$+4
$01A6	$0BFA			DECFSZ	STACK_10, F
$01A7	$29A6			GOTO	$-1
$01A8	$29A3			GOTO	$-5
$01A9	$29A0			GOTO	$-9
$01AA	$308C			MOVLW	140
$01AB	$00FB			MOVWF	STACK_11
$01AC	$30FF			MOVLW	255
$01AD	$00FA			MOVWF	STACK_10
$01AE	$0BFB			DECFSZ	STACK_11, F
$01AF	$29B1			GOTO	$+2
$01B0	$29B4			GOTO	$+4
$01B1	$0BFA			DECFSZ	STACK_10, F
$01B2	$29B1			GOTO	$-1
$01B3	$29AE			GOTO	$-5
$01B4	$30A1			MOVLW	161
$01B5	$00FA			MOVWF	STACK_10
$01B6	$0BFA			DECFSZ	STACK_10, F
$01B7	$29B6			GOTO	$-1
$01B8	$0000			NOP
;finals.pbas,39 :: 		LCD_CMD(LCD_CLEAR)
$01B9	$3001			MOVLW	1
$01BA	$00BD			MOVWF	FARG_Lcd_Cmd
$01BB	$245E			CALL	_lcd_cmd
;finals.pbas,40 :: 		LCD_OUT(1,8, "SCC")
$01BC	$3001			MOVLW	1
$01BD	$00B0			MOVWF	FARG_Lcd_Out
$01BE	$3008			MOVLW	8
$01BF	$00B1			MOVWF	FARG_Lcd_Out+1
$01C0	$3053			MOVLW	83
$01C1	$00AC			MOVWF	?main_Local_Text+0
$01C2	$3043			MOVLW	67
$01C3	$00AD			MOVWF	?main_Local_Text+1
$01C4	$3043			MOVLW	67
$01C5	$00AE			MOVWF	?main_Local_Text+2
$01C6	$01AF			CLRF	?main_Local_Text+3
$01C7	$302C			MOVLW	?main_Local_Text
$01C8	$00B2			MOVWF	FARG_Lcd_Out+2
$01C9	$2505			CALL	_lcd_out
;finals.pbas,41 :: 		DELAY_MS(500)
$01CA	$3003			MOVLW	3
$01CB	$00FC			MOVWF	STACK_12
$01CC	$30FF			MOVLW	255
$01CD	$00FB			MOVWF	STACK_11
$01CE	$30FF			MOVLW	255
$01CF	$00FA			MOVWF	STACK_10
$01D0	$0BFC			DECFSZ	STACK_12, F
$01D1	$29D3			GOTO	$+2
$01D2	$29DA			GOTO	$+8
$01D3	$0BFB			DECFSZ	STACK_11, F
$01D4	$29D6			GOTO	$+2
$01D5	$29D9			GOTO	$+4
$01D6	$0BFA			DECFSZ	STACK_10, F
$01D7	$29D6			GOTO	$-1
$01D8	$29D3			GOTO	$-5
$01D9	$29D0			GOTO	$-9
$01DA	$308C			MOVLW	140
$01DB	$00FB			MOVWF	STACK_11
$01DC	$30FF			MOVLW	255
$01DD	$00FA			MOVWF	STACK_10
$01DE	$0BFB			DECFSZ	STACK_11, F
$01DF	$29E1			GOTO	$+2
$01E0	$29E4			GOTO	$+4
$01E1	$0BFA			DECFSZ	STACK_10, F
$01E2	$29E1			GOTO	$-1
$01E3	$29DE			GOTO	$-5
$01E4	$30A1			MOVLW	161
$01E5	$00FA			MOVWF	STACK_10
$01E6	$0BFA			DECFSZ	STACK_10, F
$01E7	$29E6			GOTO	$-1
$01E8	$0000			NOP
;finals.pbas,42 :: 		LCD_CMD(LCD_CLEAR)
$01E9	$3001			MOVLW	1
$01EA	$00BD			MOVWF	FARG_Lcd_Cmd
$01EB	$245E			CALL	_lcd_cmd
;finals.pbas,43 :: 		LCD_OUT(1,9, "SCC")
$01EC	$3001			MOVLW	1
$01ED	$00B0			MOVWF	FARG_Lcd_Out
$01EE	$3009			MOVLW	9
$01EF	$00B1			MOVWF	FARG_Lcd_Out+1
$01F0	$3053			MOVLW	83
$01F1	$00AC			MOVWF	?main_Local_Text+0
$01F2	$3043			MOVLW	67
$01F3	$00AD			MOVWF	?main_Local_Text+1
$01F4	$3043			MOVLW	67
$01F5	$00AE			MOVWF	?main_Local_Text+2
$01F6	$01AF			CLRF	?main_Local_Text+3
$01F7	$302C			MOVLW	?main_Local_Text
$01F8	$00B2			MOVWF	FARG_Lcd_Out+2
$01F9	$2505			CALL	_lcd_out
;finals.pbas,44 :: 		DELAY_MS(500)
$01FA	$3003			MOVLW	3
$01FB	$00FC			MOVWF	STACK_12
$01FC	$30FF			MOVLW	255
$01FD	$00FB			MOVWF	STACK_11
$01FE	$30FF			MOVLW	255
$01FF	$00FA			MOVWF	STACK_10
$0200	$0BFC			DECFSZ	STACK_12, F
$0201	$2A03			GOTO	$+2
$0202	$2A0A			GOTO	$+8
$0203	$0BFB			DECFSZ	STACK_11, F
$0204	$2A06			GOTO	$+2
$0205	$2A09			GOTO	$+4
$0206	$0BFA			DECFSZ	STACK_10, F
$0207	$2A06			GOTO	$-1
$0208	$2A03			GOTO	$-5
$0209	$2A00			GOTO	$-9
$020A	$308C			MOVLW	140
$020B	$00FB			MOVWF	STACK_11
$020C	$30FF			MOVLW	255
$020D	$00FA			MOVWF	STACK_10
$020E	$0BFB			DECFSZ	STACK_11, F
$020F	$2A11			GOTO	$+2
$0210	$2A14			GOTO	$+4
$0211	$0BFA			DECFSZ	STACK_10, F
$0212	$2A11			GOTO	$-1
$0213	$2A0E			GOTO	$-5
$0214	$30A1			MOVLW	161
$0215	$00FA			MOVWF	STACK_10
$0216	$0BFA			DECFSZ	STACK_10, F
$0217	$2A16			GOTO	$-1
$0218	$0000			NOP
;finals.pbas,45 :: 		LCD_CMD(LCD_CLEAR)
$0219	$3001			MOVLW	1
$021A	$00BD			MOVWF	FARG_Lcd_Cmd
$021B	$245E			CALL	_lcd_cmd
;finals.pbas,46 :: 		LCD_OUT(1,10, "SCC")
$021C	$3001			MOVLW	1
$021D	$00B0			MOVWF	FARG_Lcd_Out
$021E	$300A			MOVLW	10
$021F	$00B1			MOVWF	FARG_Lcd_Out+1
$0220	$3053			MOVLW	83
$0221	$00AC			MOVWF	?main_Local_Text+0
$0222	$3043			MOVLW	67
$0223	$00AD			MOVWF	?main_Local_Text+1
$0224	$3043			MOVLW	67
$0225	$00AE			MOVWF	?main_Local_Text+2
$0226	$01AF			CLRF	?main_Local_Text+3
$0227	$302C			MOVLW	?main_Local_Text
$0228	$00B2			MOVWF	FARG_Lcd_Out+2
$0229	$2505			CALL	_lcd_out
;finals.pbas,47 :: 		DELAY_MS(500)
$022A	$3003			MOVLW	3
$022B	$00FC			MOVWF	STACK_12
$022C	$30FF			MOVLW	255
$022D	$00FB			MOVWF	STACK_11
$022E	$30FF			MOVLW	255
$022F	$00FA			MOVWF	STACK_10
$0230	$0BFC			DECFSZ	STACK_12, F
$0231	$2A33			GOTO	$+2
$0232	$2A3A			GOTO	$+8
$0233	$0BFB			DECFSZ	STACK_11, F
$0234	$2A36			GOTO	$+2
$0235	$2A39			GOTO	$+4
$0236	$0BFA			DECFSZ	STACK_10, F
$0237	$2A36			GOTO	$-1
$0238	$2A33			GOTO	$-5
$0239	$2A30			GOTO	$-9
$023A	$308C			MOVLW	140
$023B	$00FB			MOVWF	STACK_11
$023C	$30FF			MOVLW	255
$023D	$00FA			MOVWF	STACK_10
$023E	$0BFB			DECFSZ	STACK_11, F
$023F	$2A41			GOTO	$+2
$0240	$2A44			GOTO	$+4
$0241	$0BFA			DECFSZ	STACK_10, F
$0242	$2A41			GOTO	$-1
$0243	$2A3E			GOTO	$-5
$0244	$30A1			MOVLW	161
$0245	$00FA			MOVWF	STACK_10
$0246	$0BFA			DECFSZ	STACK_10, F
$0247	$2A46			GOTO	$-1
$0248	$0000			NOP
;finals.pbas,48 :: 		LCD_CMD(LCD_CLEAR)
$0249	$3001			MOVLW	1
$024A	$00BD			MOVWF	FARG_Lcd_Cmd
$024B	$245E			CALL	_lcd_cmd
;finals.pbas,49 :: 		LCD_OUT(1,11, "SCC")
$024C	$3001			MOVLW	1
$024D	$00B0			MOVWF	FARG_Lcd_Out
$024E	$300B			MOVLW	11
$024F	$00B1			MOVWF	FARG_Lcd_Out+1
$0250	$3053			MOVLW	83
$0251	$00AC			MOVWF	?main_Local_Text+0
$0252	$3043			MOVLW	67
$0253	$00AD			MOVWF	?main_Local_Text+1
$0254	$3043			MOVLW	67
$0255	$00AE			MOVWF	?main_Local_Text+2
$0256	$01AF			CLRF	?main_Local_Text+3
$0257	$302C			MOVLW	?main_Local_Text
$0258	$00B2			MOVWF	FARG_Lcd_Out+2
$0259	$2505			CALL	_lcd_out
;finals.pbas,50 :: 		DELAY_MS(500)
$025A	$3003			MOVLW	3
$025B	$00FC			MOVWF	STACK_12
$025C	$30FF			MOVLW	255
$025D	$00FB			MOVWF	STACK_11
$025E	$30FF			MOVLW	255
$025F	$00FA			MOVWF	STACK_10
$0260	$0BFC			DECFSZ	STACK_12, F
$0261	$2A63			GOTO	$+2
$0262	$2A6A			GOTO	$+8
$0263	$0BFB			DECFSZ	STACK_11, F
$0264	$2A66			GOTO	$+2
$0265	$2A69			GOTO	$+4
$0266	$0BFA			DECFSZ	STACK_10, F
$0267	$2A66			GOTO	$-1
$0268	$2A63			GOTO	$-5
$0269	$2A60			GOTO	$-9
$026A	$308C			MOVLW	140
$026B	$00FB			MOVWF	STACK_11
$026C	$30FF			MOVLW	255
$026D	$00FA			MOVWF	STACK_10
$026E	$0BFB			DECFSZ	STACK_11, F
$026F	$2A71			GOTO	$+2
$0270	$2A74			GOTO	$+4
$0271	$0BFA			DECFSZ	STACK_10, F
$0272	$2A71			GOTO	$-1
$0273	$2A6E			GOTO	$-5
$0274	$30A1			MOVLW	161
$0275	$00FA			MOVWF	STACK_10
$0276	$0BFA			DECFSZ	STACK_10, F
$0277	$2A76			GOTO	$-1
$0278	$0000			NOP
;finals.pbas,51 :: 		LCD_CMD(LCD_CLEAR)
$0279	$3001			MOVLW	1
$027A	$00BD			MOVWF	FARG_Lcd_Cmd
$027B	$245E			CALL	_lcd_cmd
;finals.pbas,52 :: 		LCD_OUT(1,12, "SCC")
$027C	$3001			MOVLW	1
$027D	$00B0			MOVWF	FARG_Lcd_Out
$027E	$300C			MOVLW	12
$027F	$00B1			MOVWF	FARG_Lcd_Out+1
$0280	$3053			MOVLW	83
$0281	$00AC			MOVWF	?main_Local_Text+0
$0282	$3043			MOVLW	67
$0283	$00AD			MOVWF	?main_Local_Text+1
$0284	$3043			MOVLW	67
$0285	$00AE			MOVWF	?main_Local_Text+2
$0286	$01AF			CLRF	?main_Local_Text+3
$0287	$302C			MOVLW	?main_Local_Text
$0288	$00B2			MOVWF	FARG_Lcd_Out+2
$0289	$2505			CALL	_lcd_out
;finals.pbas,53 :: 		DELAY_MS(500)
$028A	$3003			MOVLW	3
$028B	$00FC			MOVWF	STACK_12
$028C	$30FF			MOVLW	255
$028D	$00FB			MOVWF	STACK_11
$028E	$30FF			MOVLW	255
$028F	$00FA			MOVWF	STACK_10
$0290	$0BFC			DECFSZ	STACK_12, F
$0291	$2A93			GOTO	$+2
$0292	$2A9A			GOTO	$+8
$0293	$0BFB			DECFSZ	STACK_11, F
$0294	$2A96			GOTO	$+2
$0295	$2A99			GOTO	$+4
$0296	$0BFA			DECFSZ	STACK_10, F
$0297	$2A96			GOTO	$-1
$0298	$2A93			GOTO	$-5
$0299	$2A90			GOTO	$-9
$029A	$308C			MOVLW	140
$029B	$00FB			MOVWF	STACK_11
$029C	$30FF			MOVLW	255
$029D	$00FA			MOVWF	STACK_10
$029E	$0BFB			DECFSZ	STACK_11, F
$029F	$2AA1			GOTO	$+2
$02A0	$2AA4			GOTO	$+4
$02A1	$0BFA			DECFSZ	STACK_10, F
$02A2	$2AA1			GOTO	$-1
$02A3	$2A9E			GOTO	$-5
$02A4	$30A1			MOVLW	161
$02A5	$00FA			MOVWF	STACK_10
$02A6	$0BFA			DECFSZ	STACK_10, F
$02A7	$2AA6			GOTO	$-1
$02A8	$0000			NOP
;finals.pbas,54 :: 		LCD_CMD(LCD_CLEAR)
$02A9	$3001			MOVLW	1
$02AA	$00BD			MOVWF	FARG_Lcd_Cmd
$02AB	$245E			CALL	_lcd_cmd
;finals.pbas,55 :: 		LCD_OUT(1,13, "SCC")
$02AC	$3001			MOVLW	1
$02AD	$00B0			MOVWF	FARG_Lcd_Out
$02AE	$300D			MOVLW	13
$02AF	$00B1			MOVWF	FARG_Lcd_Out+1
$02B0	$3053			MOVLW	83
$02B1	$00AC			MOVWF	?main_Local_Text+0
$02B2	$3043			MOVLW	67
$02B3	$00AD			MOVWF	?main_Local_Text+1
$02B4	$3043			MOVLW	67
$02B5	$00AE			MOVWF	?main_Local_Text+2
$02B6	$01AF			CLRF	?main_Local_Text+3
$02B7	$302C			MOVLW	?main_Local_Text
$02B8	$00B2			MOVWF	FARG_Lcd_Out+2
$02B9	$2505			CALL	_lcd_out
;finals.pbas,56 :: 		DELAY_MS(500)
$02BA	$3003			MOVLW	3
$02BB	$00FC			MOVWF	STACK_12
$02BC	$30FF			MOVLW	255
$02BD	$00FB			MOVWF	STACK_11
$02BE	$30FF			MOVLW	255
$02BF	$00FA			MOVWF	STACK_10
$02C0	$0BFC			DECFSZ	STACK_12, F
$02C1	$2AC3			GOTO	$+2
$02C2	$2ACA			GOTO	$+8
$02C3	$0BFB			DECFSZ	STACK_11, F
$02C4	$2AC6			GOTO	$+2
$02C5	$2AC9			GOTO	$+4
$02C6	$0BFA			DECFSZ	STACK_10, F
$02C7	$2AC6			GOTO	$-1
$02C8	$2AC3			GOTO	$-5
$02C9	$2AC0			GOTO	$-9
$02CA	$308C			MOVLW	140
$02CB	$00FB			MOVWF	STACK_11
$02CC	$30FF			MOVLW	255
$02CD	$00FA			MOVWF	STACK_10
$02CE	$0BFB			DECFSZ	STACK_11, F
$02CF	$2AD1			GOTO	$+2
$02D0	$2AD4			GOTO	$+4
$02D1	$0BFA			DECFSZ	STACK_10, F
$02D2	$2AD1			GOTO	$-1
$02D3	$2ACE			GOTO	$-5
$02D4	$30A1			MOVLW	161
$02D5	$00FA			MOVWF	STACK_10
$02D6	$0BFA			DECFSZ	STACK_10, F
$02D7	$2AD6			GOTO	$-1
$02D8	$0000			NOP
;finals.pbas,57 :: 		LCD_CMD(LCD_CLEAR)
$02D9	$3001			MOVLW	1
$02DA	$00BD			MOVWF	FARG_Lcd_Cmd
$02DB	$245E			CALL	_lcd_cmd
;finals.pbas,58 :: 		LCD_OUT(1,14, "SCC")
$02DC	$3001			MOVLW	1
$02DD	$00B0			MOVWF	FARG_Lcd_Out
$02DE	$300E			MOVLW	14
$02DF	$00B1			MOVWF	FARG_Lcd_Out+1
$02E0	$3053			MOVLW	83
$02E1	$00AC			MOVWF	?main_Local_Text+0
$02E2	$3043			MOVLW	67
$02E3	$00AD			MOVWF	?main_Local_Text+1
$02E4	$3043			MOVLW	67
$02E5	$00AE			MOVWF	?main_Local_Text+2
$02E6	$01AF			CLRF	?main_Local_Text+3
$02E7	$302C			MOVLW	?main_Local_Text
$02E8	$00B2			MOVWF	FARG_Lcd_Out+2
$02E9	$2505			CALL	_lcd_out
;finals.pbas,59 :: 		DELAY_MS(500)
$02EA	$3003			MOVLW	3
$02EB	$00FC			MOVWF	STACK_12
$02EC	$30FF			MOVLW	255
$02ED	$00FB			MOVWF	STACK_11
$02EE	$30FF			MOVLW	255
$02EF	$00FA			MOVWF	STACK_10
$02F0	$0BFC			DECFSZ	STACK_12, F
$02F1	$2AF3			GOTO	$+2
$02F2	$2AFA			GOTO	$+8
$02F3	$0BFB			DECFSZ	STACK_11, F
$02F4	$2AF6			GOTO	$+2
$02F5	$2AF9			GOTO	$+4
$02F6	$0BFA			DECFSZ	STACK_10, F
$02F7	$2AF6			GOTO	$-1
$02F8	$2AF3			GOTO	$-5
$02F9	$2AF0			GOTO	$-9
$02FA	$308C			MOVLW	140
$02FB	$00FB			MOVWF	STACK_11
$02FC	$30FF			MOVLW	255
$02FD	$00FA			MOVWF	STACK_10
$02FE	$0BFB			DECFSZ	STACK_11, F
$02FF	$2B01			GOTO	$+2
$0300	$2B04			GOTO	$+4
$0301	$0BFA			DECFSZ	STACK_10, F
$0302	$2B01			GOTO	$-1
$0303	$2AFE			GOTO	$-5
$0304	$30A1			MOVLW	161
$0305	$00FA			MOVWF	STACK_10
$0306	$0BFA			DECFSZ	STACK_10, F
$0307	$2B06			GOTO	$-1
$0308	$0000			NOP
;finals.pbas,60 :: 		LCD_CMD(LCD_CLEAR)
$0309	$3001			MOVLW	1
$030A	$00BD			MOVWF	FARG_Lcd_Cmd
$030B	$245E			CALL	_lcd_cmd
;finals.pbas,61 :: 		LCD_OUT(1,15, "SCC")
$030C	$3001			MOVLW	1
$030D	$00B0			MOVWF	FARG_Lcd_Out
$030E	$300F			MOVLW	15
$030F	$00B1			MOVWF	FARG_Lcd_Out+1
$0310	$3053			MOVLW	83
$0311	$00AC			MOVWF	?main_Local_Text+0
$0312	$3043			MOVLW	67
$0313	$00AD			MOVWF	?main_Local_Text+1
$0314	$3043			MOVLW	67
$0315	$00AE			MOVWF	?main_Local_Text+2
$0316	$01AF			CLRF	?main_Local_Text+3
$0317	$302C			MOVLW	?main_Local_Text
$0318	$00B2			MOVWF	FARG_Lcd_Out+2
$0319	$2505			CALL	_lcd_out
;finals.pbas,62 :: 		DELAY_MS(500)
$031A	$3003			MOVLW	3
$031B	$00FC			MOVWF	STACK_12
$031C	$30FF			MOVLW	255
$031D	$00FB			MOVWF	STACK_11
$031E	$30FF			MOVLW	255
$031F	$00FA			MOVWF	STACK_10
$0320	$0BFC			DECFSZ	STACK_12, F
$0321	$2B23			GOTO	$+2
$0322	$2B2A			GOTO	$+8
$0323	$0BFB			DECFSZ	STACK_11, F
$0324	$2B26			GOTO	$+2
$0325	$2B29			GOTO	$+4
$0326	$0BFA			DECFSZ	STACK_10, F
$0327	$2B26			GOTO	$-1
$0328	$2B23			GOTO	$-5
$0329	$2B20			GOTO	$-9
$032A	$308C			MOVLW	140
$032B	$00FB			MOVWF	STACK_11
$032C	$30FF			MOVLW	255
$032D	$00FA			MOVWF	STACK_10
$032E	$0BFB			DECFSZ	STACK_11, F
$032F	$2B31			GOTO	$+2
$0330	$2B34			GOTO	$+4
$0331	$0BFA			DECFSZ	STACK_10, F
$0332	$2B31			GOTO	$-1
$0333	$2B2E			GOTO	$-5
$0334	$30A1			MOVLW	161
$0335	$00FA			MOVWF	STACK_10
$0336	$0BFA			DECFSZ	STACK_10, F
$0337	$2B36			GOTO	$-1
$0338	$0000			NOP
;finals.pbas,63 :: 		LCD_CMD(LCD_CLEAR)
$0339	$3001			MOVLW	1
$033A	$00BD			MOVWF	FARG_Lcd_Cmd
$033B	$245E			CALL	_lcd_cmd
;finals.pbas,64 :: 		x=x+1
$033C	$0AAA			INCF	_x, 1
;finals.pbas,65 :: 		GOTO main
$033D	$2804			GOTO	_main_main
$033E	$2B3E			GOTO	$


//** Procedures locations **
//ADDRESS		PROCEDURE
//----------------------------------------------
$0004		main
$033F		Lcd_Config
$045E		Lcd_Cmd
$0505		Lcd_Out
$0544		Lcd_Init
$0559		Delay_5500us
$056A		Lcd_Chr_CP
$0573		Delay_50us
$057B		Delay_1us


//** Labels locations **
//ADDRESS		LABEL
//----------------------------------------------
$0004		_main:
$0004		_main_main:
$0021		finals_L_1:
$0044		finals_L_2:
$0048		finals_L_5:
$0049		finals_L_4:
$004A		finals_L_3:
$033F		_lcd_config:
$0347		L_Lcd_Config_0:
$034D		L_Lcd_Config_1:
$0354		L_Lcd_Config_2:
$035A		L_Lcd_Config_3:
$0361		L_Lcd_Config_4:
$0367		L_Lcd_Config_5:
$036E		L_Lcd_Config_6:
$0374		L_Lcd_Config_7:
$037B		L_Lcd_Config_8:
$0381		L_Lcd_Config_9:
$0386		L_Lcd_Config_10:
$038C		L_Lcd_Config_11:
$0391		L_Lcd_Config_12:
$0397		L_Lcd_Config_13:
$03A7		lcd_L_56:
$03A8		lcd_L_57:
$03B3		lcd_L_59:
$03BD		lcd_L_60:
$03BE		lcd_L_61:
$03C7		lcd_L_63:
$045D		lcd_L_55:
$045E		_lcd_cmd:
$047E		lcd_L_1:
$0480		lcd_L_2:
$0480		lcd_L_3:
$0488		lcd_L_4:
$048A		lcd_L_5:
$048A		lcd_L_6:
$0492		lcd_L_7:
$0494		lcd_L_8:
$0494		lcd_L_9:
$049C		lcd_L_10:
$049E		lcd_L_11:
$049E		lcd_L_12:
$04A4		lcd_L_13:
$04A9		lcd_L_14:
$04AB		lcd_L_15:
$04CA		lcd_L_16:
$04CC		lcd_L_17:
$04CC		lcd_L_18:
$04D4		lcd_L_19:
$04D6		lcd_L_20:
$04D6		lcd_L_21:
$04DE		lcd_L_22:
$04E0		lcd_L_23:
$04E0		lcd_L_24:
$04E7		lcd_L_25:
$04E9		lcd_L_26:
$04E9		lcd_L_27:
$04EF		lcd_L_28:
$04F4		lcd_L_29:
$04F6		lcd_L_30:
$0501		lcd_L_31:
$0503		lcd_L_32:
$0504		lcd_L_0:
$0504		lcd_L_33:
$0505		_lcd_out:
$0505		lcd_L_68:
$050B		lcd_L_67:
$050E		lcd_L_69:
$050E		lcd_L_71:
$0512		lcd_L_70:
$0515		lcd_L_72:
$0515		lcd_L_74:
$0519		lcd_L_73:
$051C		lcd_L_75:
$051C		lcd_L_77:
$0520		lcd_L_76:
$0523		lcd_L_78:
$0525		lcd_L_66:
$0530		lcd_L_80:
$0541		lcd_L_81:
$0543		lcd_L_65:
$0544		_lcd_init:
$0558		lcd_L_64:
$0559		_delay_5500us:
$0569		delays_L_7:
$056A		_lcd_chr_cp:
$0572		lcd_L_48:
$0573		_delay_50us:
$057A		delays_L_4:
$057B		_delay_1us:
$057C		delays_L_1:


//** Variables locations **
//ADDRESS		VARIABLE
//----------------------------------------------
$0000		INDF
$0002		PCL
$0003		STATUS
$0004		FSR
$0006		PORTB
$000A		PCLATH
$0020		lcd_ctrlport_address
$0021		lcd____menable
$0022		lcd____mrs
$0023		lcd_dataport_address
$0024		lcd____mdb7
$0025		lcd____mdb6
$0026		lcd____mdb5
$0027		lcd____mdb4
$0028		lcd_lcdcmd_status
$0029		lcd____mrw
$002A		_x
$002B		_y
$002C		?main_Local_Text
$0030		FARG_Lcd_Init
$0030		FARG_Lcd_Out
$0031		FARG_Lcd_Out+1
$0032		FARG_Lcd_Out+2
$0033		_lcd_out_local_i
$0034		FARG_Lcd_Chr_CP
$0034		FARG_Lcd_Config
$0035		FARG_Lcd_Config+1
$0036		FARG_Lcd_Config+2
$0037		FARG_Lcd_Config+3
$0038		FARG_Lcd_Config+4
$0039		FARG_Lcd_Config+5
$003A		FARG_Lcd_Config+6
$003B		FARG_Lcd_Config+7
$003C		FARG_Lcd_Config+8
$003D		FARG_Lcd_Cmd
$0070		STACK_0
$0071		STACK_1
$0072		STACK_2
$0073		STACK_3
$0074		STACK_4
$0075		STACK_5
$0076		STACK_6
$0077		STACK_7
$0078		STACK_8
$0079		STACK_9
$007A		STACK_10
$007B		STACK_11
$007C		STACK_12
$007D		STACK_13
$007E		STACK_14
$007F		STACK_15


